[2015-08-10 15:04:19,156] TRACE [Controller 0]: checking need to trigger partition rebalance (kafka.controller.KafkaController)
[2015-08-10 15:04:19,157] DEBUG [Controller 0]: preferred replicas by broker Map(1 -> Map([messages,1] -> List(1, 0), [messages,3] -> List(1, 0)), 0 -> Map([messages,2] -> List(0, 1), [messages,0] -> List(0, 1))) (kafka.controller.KafkaController)
[2015-08-10 15:04:19,157] DEBUG [Controller 0]: topics not in preferred replica Map() (kafka.controller.KafkaController)
[2015-08-10 15:04:19,157] TRACE [Controller 0]: leader imbalance ratio for broker 1 is 0.000000 (kafka.controller.KafkaController)
[2015-08-10 15:04:19,157] DEBUG [Controller 0]: topics not in preferred replica Map() (kafka.controller.KafkaController)
[2015-08-10 15:04:19,157] TRACE [Controller 0]: leader imbalance ratio for broker 0 is 0.000000 (kafka.controller.KafkaController)
[2015-08-10 15:09:19,156] TRACE [Controller 0]: checking need to trigger partition rebalance (kafka.controller.KafkaController)
[2015-08-10 15:09:19,156] DEBUG [Controller 0]: preferred replicas by broker Map(1 -> Map([messages,1] -> List(1, 0), [messages,3] -> List(1, 0)), 0 -> Map([messages,2] -> List(0, 1), [messages,0] -> List(0, 1))) (kafka.controller.KafkaController)
[2015-08-10 15:09:19,156] DEBUG [Controller 0]: topics not in preferred replica Map() (kafka.controller.KafkaController)
[2015-08-10 15:09:19,156] TRACE [Controller 0]: leader imbalance ratio for broker 1 is 0.000000 (kafka.controller.KafkaController)
[2015-08-10 15:09:19,156] DEBUG [Controller 0]: topics not in preferred replica Map() (kafka.controller.KafkaController)
[2015-08-10 15:09:19,156] TRACE [Controller 0]: leader imbalance ratio for broker 0 is 0.000000 (kafka.controller.KafkaController)
[2015-08-10 15:10:12,286] DEBUG [TopicChangeListener on Controller 0]: Topic change listener fired for path /brokers/topics with children messages,messages_prime (kafka.controller.PartitionStateMachine$TopicChangeListener)
[2015-08-10 15:10:12,293] INFO [TopicChangeListener on Controller 0]: New topics: [Set(messages_prime)], deleted topics: [Set()], new partition replica assignment [Map([messages_prime,3] -> List(1), [messages_prime,0] -> List(0), [messages_prime,1] -> List(1), [messages_prime,2] -> List(0))] (kafka.controller.PartitionStateMachine$TopicChangeListener)
[2015-08-10 15:10:12,293] INFO [Controller 0]: New topic creation callback for [messages_prime,3],[messages_prime,0],[messages_prime,1],[messages_prime,2] (kafka.controller.KafkaController)
[2015-08-10 15:10:12,294] INFO [Controller 0]: New partition creation callback for [messages_prime,3],[messages_prime,0],[messages_prime,1],[messages_prime,2] (kafka.controller.KafkaController)
[2015-08-10 15:10:12,294] INFO [Partition state machine on Controller 0]: Invoking state change to NewPartition for partitions [messages_prime,3],[messages_prime,0],[messages_prime,1],[messages_prime,2] (kafka.controller.PartitionStateMachine)
[2015-08-10 15:10:12,309] INFO [Replica state machine on controller 0]: Invoking state change to NewReplica for replicas [Topic=messages_prime,Partition=3,Replica=1],[Topic=messages_prime,Partition=0,Replica=0],[Topic=messages_prime,Partition=1,Replica=1],[Topic=messages_prime,Partition=2,Replica=0] (kafka.controller.ReplicaStateMachine)
[2015-08-10 15:10:12,311] INFO [Partition state machine on Controller 0]: Invoking state change to OnlinePartition for partitions [messages_prime,3],[messages_prime,0],[messages_prime,1],[messages_prime,2] (kafka.controller.PartitionStateMachine)
[2015-08-10 15:10:12,311] DEBUG [Partition state machine on Controller 0]: Live assigned replicas for partition [messages_prime,3] are: [List(1)] (kafka.controller.PartitionStateMachine)
[2015-08-10 15:10:12,311] DEBUG [Partition state machine on Controller 0]: Initializing leader and isr for partition [messages_prime,3] to (Leader:1,ISR:1,LeaderEpoch:0,ControllerEpoch:1) (kafka.controller.PartitionStateMachine)
[2015-08-10 15:10:12,314] DEBUG [Partition state machine on Controller 0]: Live assigned replicas for partition [messages_prime,0] are: [List(0)] (kafka.controller.PartitionStateMachine)
[2015-08-10 15:10:12,314] DEBUG [Partition state machine on Controller 0]: Initializing leader and isr for partition [messages_prime,0] to (Leader:0,ISR:0,LeaderEpoch:0,ControllerEpoch:1) (kafka.controller.PartitionStateMachine)
[2015-08-10 15:10:12,316] DEBUG [Partition state machine on Controller 0]: Live assigned replicas for partition [messages_prime,1] are: [List(1)] (kafka.controller.PartitionStateMachine)
[2015-08-10 15:10:12,316] DEBUG [Partition state machine on Controller 0]: Initializing leader and isr for partition [messages_prime,1] to (Leader:1,ISR:1,LeaderEpoch:0,ControllerEpoch:1) (kafka.controller.PartitionStateMachine)
[2015-08-10 15:10:12,317] DEBUG [Partition state machine on Controller 0]: Live assigned replicas for partition [messages_prime,2] are: [List(0)] (kafka.controller.PartitionStateMachine)
[2015-08-10 15:10:12,317] DEBUG [Partition state machine on Controller 0]: Initializing leader and isr for partition [messages_prime,2] to (Leader:0,ISR:0,LeaderEpoch:0,ControllerEpoch:1) (kafka.controller.PartitionStateMachine)
[2015-08-10 15:10:12,320] INFO [Replica state machine on controller 0]: Invoking state change to OnlineReplica for replicas [Topic=messages_prime,Partition=3,Replica=1],[Topic=messages_prime,Partition=0,Replica=0],[Topic=messages_prime,Partition=1,Replica=1],[Topic=messages_prime,Partition=2,Replica=0] (kafka.controller.ReplicaStateMachine)
[2015-08-10 15:10:12,320] WARN [Controller-0-to-broker-1-send-thread], Controller 0 epoch 1 fails to send request Name:LeaderAndIsrRequest;Version:0;Controller:0;ControllerEpoch:1;CorrelationId:13;ClientId:id_0-host_null-port_9092;Leaders:id:1,host:localhost.localdomain,port:9093;PartitionState:(messages_prime,3) -> (LeaderAndIsrInfo:(Leader:1,ISR:1,LeaderEpoch:0,ControllerEpoch:1),ReplicationFactor:1),AllReplicas:1),(messages_prime,1) -> (LeaderAndIsrInfo:(Leader:1,ISR:1,LeaderEpoch:0,ControllerEpoch:1),ReplicationFactor:1),AllReplicas:1) to broker id:1,host:localhost.localdomain,port:9093. Reconnecting to broker. (kafka.controller.RequestSendThread)
java.io.EOFException: Received -1 when reading from channel, socket has likely been closed.
	at kafka.utils.Utils$.read(Utils.scala:381)
	at kafka.network.BoundedByteBufferReceive.readFrom(BoundedByteBufferReceive.scala:54)
	at kafka.network.Receive$class.readCompletely(Transmission.scala:56)
	at kafka.network.BoundedByteBufferReceive.readCompletely(BoundedByteBufferReceive.scala:29)
	at kafka.network.BlockingChannel.receive(BlockingChannel.scala:111)
	at kafka.controller.RequestSendThread.liftedTree1$1(ControllerChannelManager.scala:133)
	at kafka.controller.RequestSendThread.doWork(ControllerChannelManager.scala:131)
	at kafka.utils.ShutdownableThread.run(ShutdownableThread.scala:60)
[2015-08-10 15:10:12,321] INFO [Controller-0-to-broker-1-send-thread], Controller 0 connected to id:1,host:localhost.localdomain,port:9093 for sending state change requests (kafka.controller.RequestSendThread)
[2015-08-10 15:10:12,322] WARN [Controller-0-to-broker-0-send-thread], Controller 0 epoch 1 fails to send request Name:LeaderAndIsrRequest;Version:0;Controller:0;ControllerEpoch:1;CorrelationId:13;ClientId:id_0-host_null-port_9092;Leaders:id:0,host:localhost.localdomain,port:9092;PartitionState:(messages_prime,0) -> (LeaderAndIsrInfo:(Leader:0,ISR:0,LeaderEpoch:0,ControllerEpoch:1),ReplicationFactor:1),AllReplicas:0),(messages_prime,2) -> (LeaderAndIsrInfo:(Leader:0,ISR:0,LeaderEpoch:0,ControllerEpoch:1),ReplicationFactor:1),AllReplicas:0) to broker id:0,host:localhost.localdomain,port:9092. Reconnecting to broker. (kafka.controller.RequestSendThread)
java.io.EOFException: Received -1 when reading from channel, socket has likely been closed.
	at kafka.utils.Utils$.read(Utils.scala:381)
	at kafka.network.BoundedByteBufferReceive.readFrom(BoundedByteBufferReceive.scala:54)
	at kafka.network.Receive$class.readCompletely(Transmission.scala:56)
	at kafka.network.BoundedByteBufferReceive.readCompletely(BoundedByteBufferReceive.scala:29)
	at kafka.network.BlockingChannel.receive(BlockingChannel.scala:111)
	at kafka.controller.RequestSendThread.liftedTree1$1(ControllerChannelManager.scala:133)
	at kafka.controller.RequestSendThread.doWork(ControllerChannelManager.scala:131)
	at kafka.utils.ShutdownableThread.run(ShutdownableThread.scala:60)
[2015-08-10 15:10:12,322] INFO [Controller-0-to-broker-0-send-thread], Controller 0 connected to id:0,host:localhost.localdomain,port:9092 for sending state change requests (kafka.controller.RequestSendThread)
[2015-08-10 15:14:19,156] TRACE [Controller 0]: checking need to trigger partition rebalance (kafka.controller.KafkaController)
[2015-08-10 15:14:19,156] DEBUG [Controller 0]: preferred replicas by broker Map(1 -> Map([messages,1] -> List(1, 0), [messages_prime,3] -> List(1), [messages,3] -> List(1, 0), [messages_prime,1] -> List(1)), 0 -> Map([messages,2] -> List(0, 1), [messages_prime,0] -> List(0), [messages,0] -> List(0, 1), [messages_prime,2] -> List(0))) (kafka.controller.KafkaController)
[2015-08-10 15:14:19,157] DEBUG [Controller 0]: topics not in preferred replica Map() (kafka.controller.KafkaController)
[2015-08-10 15:14:19,157] TRACE [Controller 0]: leader imbalance ratio for broker 1 is 0.000000 (kafka.controller.KafkaController)
[2015-08-10 15:14:19,157] DEBUG [Controller 0]: topics not in preferred replica Map() (kafka.controller.KafkaController)
[2015-08-10 15:14:19,157] TRACE [Controller 0]: leader imbalance ratio for broker 0 is 0.000000 (kafka.controller.KafkaController)
[2015-08-10 15:19:19,156] TRACE [Controller 0]: checking need to trigger partition rebalance (kafka.controller.KafkaController)
[2015-08-10 15:19:19,156] DEBUG [Controller 0]: preferred replicas by broker Map(1 -> Map([messages,1] -> List(1, 0), [messages_prime,3] -> List(1), [messages,3] -> List(1, 0), [messages_prime,1] -> List(1)), 0 -> Map([messages,2] -> List(0, 1), [messages_prime,0] -> List(0), [messages,0] -> List(0, 1), [messages_prime,2] -> List(0))) (kafka.controller.KafkaController)
[2015-08-10 15:19:19,156] DEBUG [Controller 0]: topics not in preferred replica Map() (kafka.controller.KafkaController)
[2015-08-10 15:19:19,156] TRACE [Controller 0]: leader imbalance ratio for broker 1 is 0.000000 (kafka.controller.KafkaController)
[2015-08-10 15:19:19,156] DEBUG [Controller 0]: topics not in preferred replica Map() (kafka.controller.KafkaController)
[2015-08-10 15:19:19,156] TRACE [Controller 0]: leader imbalance ratio for broker 0 is 0.000000 (kafka.controller.KafkaController)
[2015-08-10 15:24:19,156] TRACE [Controller 0]: checking need to trigger partition rebalance (kafka.controller.KafkaController)
[2015-08-10 15:24:19,156] DEBUG [Controller 0]: preferred replicas by broker Map(1 -> Map([messages,1] -> List(1, 0), [messages_prime,3] -> List(1), [messages,3] -> List(1, 0), [messages_prime,1] -> List(1)), 0 -> Map([messages,2] -> List(0, 1), [messages_prime,0] -> List(0), [messages,0] -> List(0, 1), [messages_prime,2] -> List(0))) (kafka.controller.KafkaController)
[2015-08-10 15:24:19,156] DEBUG [Controller 0]: topics not in preferred replica Map() (kafka.controller.KafkaController)
[2015-08-10 15:24:19,156] TRACE [Controller 0]: leader imbalance ratio for broker 1 is 0.000000 (kafka.controller.KafkaController)
[2015-08-10 15:24:19,156] DEBUG [Controller 0]: topics not in preferred replica Map() (kafka.controller.KafkaController)
[2015-08-10 15:24:19,156] TRACE [Controller 0]: leader imbalance ratio for broker 0 is 0.000000 (kafka.controller.KafkaController)
[2015-08-10 15:29:19,156] TRACE [Controller 0]: checking need to trigger partition rebalance (kafka.controller.KafkaController)
[2015-08-10 15:29:19,156] DEBUG [Controller 0]: preferred replicas by broker Map(1 -> Map([messages,1] -> List(1, 0), [messages_prime,3] -> List(1), [messages,3] -> List(1, 0), [messages_prime,1] -> List(1)), 0 -> Map([messages,2] -> List(0, 1), [messages_prime,0] -> List(0), [messages,0] -> List(0, 1), [messages_prime,2] -> List(0))) (kafka.controller.KafkaController)
[2015-08-10 15:29:19,156] DEBUG [Controller 0]: topics not in preferred replica Map() (kafka.controller.KafkaController)
[2015-08-10 15:29:19,156] TRACE [Controller 0]: leader imbalance ratio for broker 1 is 0.000000 (kafka.controller.KafkaController)
[2015-08-10 15:29:19,156] DEBUG [Controller 0]: topics not in preferred replica Map() (kafka.controller.KafkaController)
[2015-08-10 15:29:19,156] TRACE [Controller 0]: leader imbalance ratio for broker 0 is 0.000000 (kafka.controller.KafkaController)
[2015-08-10 15:36:31,508] DEBUG preRegister called. Server=com.sun.jmx.mbeanserver.JmxMBeanServer@66d3c617, name=log4j:logger=kafka.controller (kafka.controller)
[2015-08-10 15:36:51,020] DEBUG preRegister called. Server=com.sun.jmx.mbeanserver.JmxMBeanServer@66d3c617, name=log4j:logger=kafka.controller (kafka.controller)
[2015-08-10 15:41:15,773] INFO [Controller 0]: Controller starting up (kafka.controller.KafkaController)
[2015-08-10 15:41:15,820] INFO [Controller 0]: Broker 0 starting become controller state transition (kafka.controller.KafkaController)
[2015-08-10 15:41:15,832] INFO [Controller 0]: Initialized controller epoch to 2 and zk version 1 (kafka.controller.KafkaController)
[2015-08-10 15:41:15,839] INFO [Controller 0]: Controller 0 incremented epoch to 3 (kafka.controller.KafkaController)
[2015-08-10 15:41:15,939] INFO [Controller 0]: Partitions undergoing preferred replica election:  (kafka.controller.KafkaController)
[2015-08-10 15:41:15,939] INFO [Controller 0]: Partitions that completed preferred replica election:  (kafka.controller.KafkaController)
[2015-08-10 15:41:15,940] INFO [Controller 0]: Resuming preferred replica election for partitions:  (kafka.controller.KafkaController)
[2015-08-10 15:41:15,942] INFO [Controller 0]: Partitions being reassigned: Map() (kafka.controller.KafkaController)
[2015-08-10 15:41:15,943] INFO [Controller 0]: Partitions already reassigned: List() (kafka.controller.KafkaController)
[2015-08-10 15:41:15,944] INFO [Controller 0]: Resuming reassignment of partitions: Map() (kafka.controller.KafkaController)
[2015-08-10 15:41:15,949] INFO [Controller 0]: List of topics to be deleted:  (kafka.controller.KafkaController)
[2015-08-10 15:41:15,949] INFO [Controller 0]: List of topics ineligible for deletion: messages,messages_prime (kafka.controller.KafkaController)
[2015-08-10 15:41:15,952] INFO [Controller 0]: Currently active brokers in the cluster: Set() (kafka.controller.KafkaController)
[2015-08-10 15:41:15,952] INFO [Controller 0]: Currently shutting brokers in the cluster: Set() (kafka.controller.KafkaController)
[2015-08-10 15:41:15,952] INFO [Controller 0]: Current list of topics in the cluster: Set(messages, messages_prime) (kafka.controller.KafkaController)
[2015-08-10 15:41:15,957] INFO [Replica state machine on controller 0]: Started replica state machine with initial state -> Map([Topic=messages,Partition=0,Replica=0] -> ReplicaDeletionIneligible, [Topic=messages,Partition=1,Replica=1] -> ReplicaDeletionIneligible, [Topic=messages,Partition=0,Replica=1] -> ReplicaDeletionIneligible, [Topic=messages_prime,Partition=3,Replica=1] -> ReplicaDeletionIneligible, [Topic=messages,Partition=2,Replica=0] -> ReplicaDeletionIneligible, [Topic=messages,Partition=1,Replica=0] -> ReplicaDeletionIneligible, [Topic=messages,Partition=3,Replica=1] -> ReplicaDeletionIneligible, [Topic=messages_prime,Partition=1,Replica=1] -> ReplicaDeletionIneligible, [Topic=messages_prime,Partition=2,Replica=0] -> ReplicaDeletionIneligible, [Topic=messages_prime,Partition=0,Replica=0] -> ReplicaDeletionIneligible, [Topic=messages,Partition=2,Replica=1] -> ReplicaDeletionIneligible, [Topic=messages,Partition=3,Replica=0] -> ReplicaDeletionIneligible) (kafka.controller.ReplicaStateMachine)
[2015-08-10 15:41:15,970] DEBUG [OfflinePartitionLeaderSelector]: No broker in ISR is alive for [messages,1]. Pick the leader from the alive assigned replicas:  (kafka.controller.OfflinePartitionLeaderSelector)
[2015-08-10 15:41:15,985] DEBUG [OfflinePartitionLeaderSelector]: No broker in ISR is alive for [messages,2]. Pick the leader from the alive assigned replicas:  (kafka.controller.OfflinePartitionLeaderSelector)
[2015-08-10 15:41:15,995] DEBUG [OfflinePartitionLeaderSelector]: No broker in ISR is alive for [messages_prime,3]. Pick the leader from the alive assigned replicas:  (kafka.controller.OfflinePartitionLeaderSelector)
[2015-08-10 15:41:16,003] DEBUG [OfflinePartitionLeaderSelector]: No broker in ISR is alive for [messages,3]. Pick the leader from the alive assigned replicas:  (kafka.controller.OfflinePartitionLeaderSelector)
[2015-08-10 15:41:16,012] DEBUG [OfflinePartitionLeaderSelector]: No broker in ISR is alive for [messages_prime,0]. Pick the leader from the alive assigned replicas:  (kafka.controller.OfflinePartitionLeaderSelector)
[2015-08-10 15:41:16,022] DEBUG [OfflinePartitionLeaderSelector]: No broker in ISR is alive for [messages,0]. Pick the leader from the alive assigned replicas:  (kafka.controller.OfflinePartitionLeaderSelector)
[2015-08-10 15:41:16,031] DEBUG [OfflinePartitionLeaderSelector]: No broker in ISR is alive for [messages_prime,1]. Pick the leader from the alive assigned replicas:  (kafka.controller.OfflinePartitionLeaderSelector)
[2015-08-10 15:41:16,040] DEBUG [OfflinePartitionLeaderSelector]: No broker in ISR is alive for [messages_prime,2]. Pick the leader from the alive assigned replicas:  (kafka.controller.OfflinePartitionLeaderSelector)
[2015-08-10 15:41:16,046] INFO [Partition state machine on Controller 0]: Started partition state machine with initial state -> Map([messages,1] -> OfflinePartition, [messages,2] -> OfflinePartition, [messages_prime,3] -> OfflinePartition, [messages,3] -> OfflinePartition, [messages_prime,0] -> OfflinePartition, [messages,0] -> OfflinePartition, [messages_prime,1] -> OfflinePartition, [messages_prime,2] -> OfflinePartition) (kafka.controller.PartitionStateMachine)
[2015-08-10 15:41:16,049] INFO [Controller 0]: Broker 0 is ready to serve as the new controller with epoch 3 (kafka.controller.KafkaController)
[2015-08-10 15:41:16,051] INFO [Controller 0]: Starting preferred replica leader election for partitions  (kafka.controller.KafkaController)
[2015-08-10 15:41:16,052] INFO [Partition state machine on Controller 0]: Invoking state change to OnlinePartition for partitions  (kafka.controller.PartitionStateMachine)
[2015-08-10 15:41:16,059] INFO [Controller 0]: starting the partition rebalance scheduler (kafka.controller.KafkaController)
[2015-08-10 15:41:16,060] INFO [Controller 0]: Controller startup complete (kafka.controller.KafkaController)
[2015-08-10 15:41:16,077] INFO [BrokerChangeListener on Controller 0]: Broker change listener fired for path /brokers/ids with children 0 (kafka.controller.ReplicaStateMachine$BrokerChangeListener)
[2015-08-10 15:41:16,099] INFO [BrokerChangeListener on Controller 0]: Newly added brokers: 0, deleted brokers: , all live brokers: 0 (kafka.controller.ReplicaStateMachine$BrokerChangeListener)
[2015-08-10 15:41:16,100] DEBUG [Channel manager on controller 0]: Controller 0 trying to connect to broker 0 (kafka.controller.ControllerChannelManager)
[2015-08-10 15:41:16,105] INFO [Controller-0-to-broker-0-send-thread], Controller 0 connected to id:0,host:localhost.localdomain,port:9092 for sending state change requests (kafka.controller.RequestSendThread)
[2015-08-10 15:41:16,106] INFO [Controller-0-to-broker-0-send-thread], Starting  (kafka.controller.RequestSendThread)
[2015-08-10 15:41:16,106] INFO [Controller 0]: New broker startup callback for 0 (kafka.controller.KafkaController)
[2015-08-10 15:41:16,116] INFO [Replica state machine on controller 0]: Invoking state change to OnlineReplica for replicas [Topic=messages_prime,Partition=2,Replica=0],[Topic=messages,Partition=0,Replica=0],[Topic=messages,Partition=3,Replica=0],[Topic=messages,Partition=2,Replica=0],[Topic=messages_prime,Partition=0,Replica=0],[Topic=messages,Partition=1,Replica=0] (kafka.controller.ReplicaStateMachine)
[2015-08-10 15:41:16,138] DEBUG [OfflinePartitionLeaderSelector]: No broker in ISR is alive for [messages,1]. Pick the leader from the alive assigned replicas: 0 (kafka.controller.OfflinePartitionLeaderSelector)
[2015-08-10 15:41:16,139] WARN [OfflinePartitionLeaderSelector]: No broker in ISR is alive for [messages,1]. Elect leader 0 from live brokers 0. There's potential data loss. (kafka.controller.OfflinePartitionLeaderSelector)
[2015-08-10 15:41:16,140] INFO [OfflinePartitionLeaderSelector]: Selected new leader and ISR {"leader":0,"leader_epoch":2,"isr":[0]} for offline partition [messages,1] (kafka.controller.OfflinePartitionLeaderSelector)
[2015-08-10 15:41:16,146] DEBUG [Partition state machine on Controller 0]: After leader election, leader cache is updated to Map([messages,1] -> (Leader:0,ISR:0,LeaderEpoch:2,ControllerEpoch:3), [messages,2] -> (Leader:1,ISR:1,LeaderEpoch:1,ControllerEpoch:1), [messages_prime,3] -> (Leader:1,ISR:1,LeaderEpoch:0,ControllerEpoch:1), [messages,3] -> (Leader:1,ISR:1,LeaderEpoch:1,ControllerEpoch:1), [messages_prime,0] -> (Leader:0,ISR:0,LeaderEpoch:0,ControllerEpoch:1), [messages,0] -> (Leader:1,ISR:1,LeaderEpoch:1,ControllerEpoch:1), [messages_prime,1] -> (Leader:1,ISR:1,LeaderEpoch:0,ControllerEpoch:1), [messages_prime,2] -> (Leader:0,ISR:0,LeaderEpoch:0,ControllerEpoch:1)) (kafka.controller.PartitionStateMachine)
[2015-08-10 15:41:16,154] DEBUG [OfflinePartitionLeaderSelector]: No broker in ISR is alive for [messages,2]. Pick the leader from the alive assigned replicas: 0 (kafka.controller.OfflinePartitionLeaderSelector)
[2015-08-10 15:41:16,154] WARN [OfflinePartitionLeaderSelector]: No broker in ISR is alive for [messages,2]. Elect leader 0 from live brokers 0. There's potential data loss. (kafka.controller.OfflinePartitionLeaderSelector)
[2015-08-10 15:41:16,154] INFO [OfflinePartitionLeaderSelector]: Selected new leader and ISR {"leader":0,"leader_epoch":2,"isr":[0]} for offline partition [messages,2] (kafka.controller.OfflinePartitionLeaderSelector)
[2015-08-10 15:41:16,157] DEBUG [Partition state machine on Controller 0]: After leader election, leader cache is updated to Map([messages,1] -> (Leader:0,ISR:0,LeaderEpoch:2,ControllerEpoch:3), [messages,2] -> (Leader:0,ISR:0,LeaderEpoch:2,ControllerEpoch:3), [messages_prime,3] -> (Leader:1,ISR:1,LeaderEpoch:0,ControllerEpoch:1), [messages,3] -> (Leader:1,ISR:1,LeaderEpoch:1,ControllerEpoch:1), [messages_prime,0] -> (Leader:0,ISR:0,LeaderEpoch:0,ControllerEpoch:1), [messages,0] -> (Leader:1,ISR:1,LeaderEpoch:1,ControllerEpoch:1), [messages_prime,1] -> (Leader:1,ISR:1,LeaderEpoch:0,ControllerEpoch:1), [messages_prime,2] -> (Leader:0,ISR:0,LeaderEpoch:0,ControllerEpoch:1)) (kafka.controller.PartitionStateMachine)
[2015-08-10 15:41:16,164] DEBUG [OfflinePartitionLeaderSelector]: No broker in ISR is alive for [messages_prime,3]. Pick the leader from the alive assigned replicas:  (kafka.controller.OfflinePartitionLeaderSelector)
[2015-08-10 15:41:16,171] DEBUG [OfflinePartitionLeaderSelector]: No broker in ISR is alive for [messages,3]. Pick the leader from the alive assigned replicas: 0 (kafka.controller.OfflinePartitionLeaderSelector)
[2015-08-10 15:41:16,172] WARN [OfflinePartitionLeaderSelector]: No broker in ISR is alive for [messages,3]. Elect leader 0 from live brokers 0. There's potential data loss. (kafka.controller.OfflinePartitionLeaderSelector)
[2015-08-10 15:41:16,172] INFO [OfflinePartitionLeaderSelector]: Selected new leader and ISR {"leader":0,"leader_epoch":2,"isr":[0]} for offline partition [messages,3] (kafka.controller.OfflinePartitionLeaderSelector)
[2015-08-10 15:41:16,174] DEBUG [Partition state machine on Controller 0]: After leader election, leader cache is updated to Map([messages,1] -> (Leader:0,ISR:0,LeaderEpoch:2,ControllerEpoch:3), [messages,2] -> (Leader:0,ISR:0,LeaderEpoch:2,ControllerEpoch:3), [messages_prime,3] -> (Leader:1,ISR:1,LeaderEpoch:0,ControllerEpoch:1), [messages,3] -> (Leader:0,ISR:0,LeaderEpoch:2,ControllerEpoch:3), [messages_prime,0] -> (Leader:0,ISR:0,LeaderEpoch:0,ControllerEpoch:1), [messages,0] -> (Leader:1,ISR:1,LeaderEpoch:1,ControllerEpoch:1), [messages_prime,1] -> (Leader:1,ISR:1,LeaderEpoch:0,ControllerEpoch:1), [messages_prime,2] -> (Leader:0,ISR:0,LeaderEpoch:0,ControllerEpoch:1)) (kafka.controller.PartitionStateMachine)
[2015-08-10 15:41:16,179] DEBUG [OfflinePartitionLeaderSelector]: Some broker in ISR is alive for [messages_prime,0]. Select 0 from ISR 0 to be the leader. (kafka.controller.OfflinePartitionLeaderSelector)
[2015-08-10 15:41:16,180] INFO [OfflinePartitionLeaderSelector]: Selected new leader and ISR {"leader":0,"leader_epoch":1,"isr":[0]} for offline partition [messages_prime,0] (kafka.controller.OfflinePartitionLeaderSelector)
[2015-08-10 15:41:16,182] DEBUG [Partition state machine on Controller 0]: After leader election, leader cache is updated to Map([messages,1] -> (Leader:0,ISR:0,LeaderEpoch:2,ControllerEpoch:3), [messages,2] -> (Leader:0,ISR:0,LeaderEpoch:2,ControllerEpoch:3), [messages_prime,3] -> (Leader:1,ISR:1,LeaderEpoch:0,ControllerEpoch:1), [messages,3] -> (Leader:0,ISR:0,LeaderEpoch:2,ControllerEpoch:3), [messages_prime,0] -> (Leader:0,ISR:0,LeaderEpoch:1,ControllerEpoch:3), [messages,0] -> (Leader:1,ISR:1,LeaderEpoch:1,ControllerEpoch:1), [messages_prime,1] -> (Leader:1,ISR:1,LeaderEpoch:0,ControllerEpoch:1), [messages_prime,2] -> (Leader:0,ISR:0,LeaderEpoch:0,ControllerEpoch:1)) (kafka.controller.PartitionStateMachine)
[2015-08-10 15:41:16,188] DEBUG [OfflinePartitionLeaderSelector]: No broker in ISR is alive for [messages,0]. Pick the leader from the alive assigned replicas: 0 (kafka.controller.OfflinePartitionLeaderSelector)
[2015-08-10 15:41:16,189] WARN [OfflinePartitionLeaderSelector]: No broker in ISR is alive for [messages,0]. Elect leader 0 from live brokers 0. There's potential data loss. (kafka.controller.OfflinePartitionLeaderSelector)
[2015-08-10 15:41:16,189] INFO [OfflinePartitionLeaderSelector]: Selected new leader and ISR {"leader":0,"leader_epoch":2,"isr":[0]} for offline partition [messages,0] (kafka.controller.OfflinePartitionLeaderSelector)
[2015-08-10 15:41:16,191] DEBUG [Partition state machine on Controller 0]: After leader election, leader cache is updated to Map([messages,1] -> (Leader:0,ISR:0,LeaderEpoch:2,ControllerEpoch:3), [messages,2] -> (Leader:0,ISR:0,LeaderEpoch:2,ControllerEpoch:3), [messages_prime,3] -> (Leader:1,ISR:1,LeaderEpoch:0,ControllerEpoch:1), [messages,3] -> (Leader:0,ISR:0,LeaderEpoch:2,ControllerEpoch:3), [messages_prime,0] -> (Leader:0,ISR:0,LeaderEpoch:1,ControllerEpoch:3), [messages,0] -> (Leader:0,ISR:0,LeaderEpoch:2,ControllerEpoch:3), [messages_prime,1] -> (Leader:1,ISR:1,LeaderEpoch:0,ControllerEpoch:1), [messages_prime,2] -> (Leader:0,ISR:0,LeaderEpoch:0,ControllerEpoch:1)) (kafka.controller.PartitionStateMachine)
[2015-08-10 15:41:16,196] DEBUG [OfflinePartitionLeaderSelector]: No broker in ISR is alive for [messages_prime,1]. Pick the leader from the alive assigned replicas:  (kafka.controller.OfflinePartitionLeaderSelector)
[2015-08-10 15:41:16,201] DEBUG [OfflinePartitionLeaderSelector]: Some broker in ISR is alive for [messages_prime,2]. Select 0 from ISR 0 to be the leader. (kafka.controller.OfflinePartitionLeaderSelector)
[2015-08-10 15:41:16,201] INFO [OfflinePartitionLeaderSelector]: Selected new leader and ISR {"leader":0,"leader_epoch":1,"isr":[0]} for offline partition [messages_prime,2] (kafka.controller.OfflinePartitionLeaderSelector)
[2015-08-10 15:41:16,204] DEBUG [Partition state machine on Controller 0]: After leader election, leader cache is updated to Map([messages,1] -> (Leader:0,ISR:0,LeaderEpoch:2,ControllerEpoch:3), [messages,2] -> (Leader:0,ISR:0,LeaderEpoch:2,ControllerEpoch:3), [messages_prime,3] -> (Leader:1,ISR:1,LeaderEpoch:0,ControllerEpoch:1), [messages,3] -> (Leader:0,ISR:0,LeaderEpoch:2,ControllerEpoch:3), [messages_prime,0] -> (Leader:0,ISR:0,LeaderEpoch:1,ControllerEpoch:3), [messages,0] -> (Leader:0,ISR:0,LeaderEpoch:2,ControllerEpoch:3), [messages_prime,1] -> (Leader:1,ISR:1,LeaderEpoch:0,ControllerEpoch:1), [messages_prime,2] -> (Leader:0,ISR:0,LeaderEpoch:1,ControllerEpoch:3)) (kafka.controller.PartitionStateMachine)
[2015-08-10 15:41:21,063] TRACE [Controller 0]: checking need to trigger partition rebalance (kafka.controller.KafkaController)
[2015-08-10 15:41:21,069] DEBUG [Controller 0]: preferred replicas by broker Map(1 -> Map([messages,1] -> List(1, 0), [messages_prime,3] -> List(1), [messages,3] -> List(1, 0), [messages_prime,1] -> List(1)), 0 -> Map([messages,2] -> List(0, 1), [messages_prime,0] -> List(0), [messages,0] -> List(0, 1), [messages_prime,2] -> List(0))) (kafka.controller.KafkaController)
[2015-08-10 15:41:21,074] DEBUG [Controller 0]: topics not in preferred replica Map([messages,1] -> List(1, 0), [messages,3] -> List(1, 0)) (kafka.controller.KafkaController)
[2015-08-10 15:41:21,077] TRACE [Controller 0]: leader imbalance ratio for broker 1 is 0.500000 (kafka.controller.KafkaController)
[2015-08-10 15:41:21,080] DEBUG [Controller 0]: topics not in preferred replica Map() (kafka.controller.KafkaController)
[2015-08-10 15:41:21,080] TRACE [Controller 0]: leader imbalance ratio for broker 0 is 0.000000 (kafka.controller.KafkaController)
[2015-08-10 15:41:26,197] INFO [Controller 1]: Controller starting up (kafka.controller.KafkaController)
[2015-08-10 15:41:26,219] INFO [Controller 1]: Controller startup complete (kafka.controller.KafkaController)
[2015-08-10 15:41:26,233] INFO [BrokerChangeListener on Controller 0]: Broker change listener fired for path /brokers/ids with children 0,1 (kafka.controller.ReplicaStateMachine$BrokerChangeListener)
[2015-08-10 15:41:26,242] INFO [BrokerChangeListener on Controller 0]: Newly added brokers: 1, deleted brokers: , all live brokers: 0,1 (kafka.controller.ReplicaStateMachine$BrokerChangeListener)
[2015-08-10 15:41:26,242] DEBUG [Channel manager on controller 0]: Controller 0 trying to connect to broker 1 (kafka.controller.ControllerChannelManager)
[2015-08-10 15:41:26,243] INFO [Controller-0-to-broker-1-send-thread], Controller 0 connected to id:1,host:localhost.localdomain,port:9093 for sending state change requests (kafka.controller.RequestSendThread)
[2015-08-10 15:41:26,243] INFO [Controller 0]: New broker startup callback for 1 (kafka.controller.KafkaController)
[2015-08-10 15:41:26,243] INFO [Controller-0-to-broker-1-send-thread], Starting  (kafka.controller.RequestSendThread)
[2015-08-10 15:41:26,246] INFO [Replica state machine on controller 0]: Invoking state change to OnlineReplica for replicas [Topic=messages,Partition=1,Replica=1],[Topic=messages,Partition=3,Replica=1],[Topic=messages_prime,Partition=3,Replica=1],[Topic=messages,Partition=0,Replica=1],[Topic=messages_prime,Partition=1,Replica=1],[Topic=messages,Partition=2,Replica=1] (kafka.controller.ReplicaStateMachine)
[2015-08-10 15:41:26,257] DEBUG [OfflinePartitionLeaderSelector]: Some broker in ISR is alive for [messages_prime,3]. Select 1 from ISR 1 to be the leader. (kafka.controller.OfflinePartitionLeaderSelector)
[2015-08-10 15:41:26,257] INFO [OfflinePartitionLeaderSelector]: Selected new leader and ISR {"leader":1,"leader_epoch":1,"isr":[1]} for offline partition [messages_prime,3] (kafka.controller.OfflinePartitionLeaderSelector)
[2015-08-10 15:41:26,259] DEBUG [Partition state machine on Controller 0]: After leader election, leader cache is updated to Map([messages,1] -> (Leader:0,ISR:0,LeaderEpoch:2,ControllerEpoch:3), [messages,2] -> (Leader:0,ISR:0,LeaderEpoch:2,ControllerEpoch:3), [messages_prime,3] -> (Leader:1,ISR:1,LeaderEpoch:1,ControllerEpoch:3), [messages,3] -> (Leader:0,ISR:0,LeaderEpoch:2,ControllerEpoch:3), [messages_prime,0] -> (Leader:0,ISR:0,LeaderEpoch:1,ControllerEpoch:3), [messages,0] -> (Leader:0,ISR:0,LeaderEpoch:2,ControllerEpoch:3), [messages_prime,1] -> (Leader:1,ISR:1,LeaderEpoch:0,ControllerEpoch:1), [messages_prime,2] -> (Leader:0,ISR:0,LeaderEpoch:1,ControllerEpoch:3)) (kafka.controller.PartitionStateMachine)
[2015-08-10 15:41:26,263] DEBUG [OfflinePartitionLeaderSelector]: Some broker in ISR is alive for [messages_prime,1]. Select 1 from ISR 1 to be the leader. (kafka.controller.OfflinePartitionLeaderSelector)
[2015-08-10 15:41:26,263] INFO [OfflinePartitionLeaderSelector]: Selected new leader and ISR {"leader":1,"leader_epoch":1,"isr":[1]} for offline partition [messages_prime,1] (kafka.controller.OfflinePartitionLeaderSelector)
[2015-08-10 15:41:26,265] DEBUG [Partition state machine on Controller 0]: After leader election, leader cache is updated to Map([messages,1] -> (Leader:0,ISR:0,LeaderEpoch:2,ControllerEpoch:3), [messages,2] -> (Leader:0,ISR:0,LeaderEpoch:2,ControllerEpoch:3), [messages_prime,3] -> (Leader:1,ISR:1,LeaderEpoch:1,ControllerEpoch:3), [messages,3] -> (Leader:0,ISR:0,LeaderEpoch:2,ControllerEpoch:3), [messages_prime,0] -> (Leader:0,ISR:0,LeaderEpoch:1,ControllerEpoch:3), [messages,0] -> (Leader:0,ISR:0,LeaderEpoch:2,ControllerEpoch:3), [messages_prime,1] -> (Leader:1,ISR:1,LeaderEpoch:1,ControllerEpoch:3), [messages_prime,2] -> (Leader:0,ISR:0,LeaderEpoch:1,ControllerEpoch:3)) (kafka.controller.PartitionStateMachine)
[2015-08-10 15:42:17,921] DEBUG preRegister called. Server=com.sun.jmx.mbeanserver.JmxMBeanServer@66d3c617, name=log4j:logger=kafka.controller (kafka.controller)
[2015-08-10 15:42:21,816] INFO [Controller 0]: Controller starting up (kafka.controller.KafkaController)
[2015-08-10 15:42:21,833] INFO [Controller 0]: Controller startup complete (kafka.controller.KafkaController)
[2015-08-10 15:42:23,259] INFO [Controller 1]: Controller starting up (kafka.controller.KafkaController)
[2015-08-10 15:42:23,280] INFO [Controller 1]: Controller startup complete (kafka.controller.KafkaController)
[2015-08-10 15:42:41,400] DEBUG preRegister called. Server=com.sun.jmx.mbeanserver.JmxMBeanServer@66d3c617, name=log4j:logger=kafka.controller (kafka.controller)
[2015-08-10 15:42:43,342] INFO [Controller 0]: Controller starting up (kafka.controller.KafkaController)
[2015-08-10 15:42:43,370] INFO [Controller 0]: Broker 0 starting become controller state transition (kafka.controller.KafkaController)
[2015-08-10 15:42:43,379] INFO [Controller 0]: Controller 0 incremented epoch to 1 (kafka.controller.KafkaController)
[2015-08-10 15:42:43,398] INFO [Controller 0]: Partitions undergoing preferred replica election:  (kafka.controller.KafkaController)
[2015-08-10 15:42:43,398] INFO [Controller 0]: Partitions that completed preferred replica election:  (kafka.controller.KafkaController)
[2015-08-10 15:42:43,398] INFO [Controller 0]: Resuming preferred replica election for partitions:  (kafka.controller.KafkaController)
[2015-08-10 15:42:43,401] INFO [Controller 0]: Partitions being reassigned: Map() (kafka.controller.KafkaController)
[2015-08-10 15:42:43,402] INFO [Controller 0]: Partitions already reassigned: List() (kafka.controller.KafkaController)
[2015-08-10 15:42:43,403] INFO [Controller 0]: Resuming reassignment of partitions: Map() (kafka.controller.KafkaController)
[2015-08-10 15:42:43,406] INFO [Controller 0]: List of topics to be deleted:  (kafka.controller.KafkaController)
[2015-08-10 15:42:43,407] INFO [Controller 0]: List of topics ineligible for deletion:  (kafka.controller.KafkaController)
[2015-08-10 15:42:43,410] INFO [Controller 0]: Currently active brokers in the cluster: Set() (kafka.controller.KafkaController)
[2015-08-10 15:42:43,411] INFO [Controller 0]: Currently shutting brokers in the cluster: Set() (kafka.controller.KafkaController)
[2015-08-10 15:42:43,411] INFO [Controller 0]: Current list of topics in the cluster: Set() (kafka.controller.KafkaController)
[2015-08-10 15:42:43,414] INFO [Replica state machine on controller 0]: Started replica state machine with initial state -> Map() (kafka.controller.ReplicaStateMachine)
[2015-08-10 15:42:43,419] INFO [Partition state machine on Controller 0]: Started partition state machine with initial state -> Map() (kafka.controller.PartitionStateMachine)
[2015-08-10 15:42:43,419] INFO [Controller 0]: Broker 0 is ready to serve as the new controller with epoch 1 (kafka.controller.KafkaController)
[2015-08-10 15:42:43,420] INFO [Controller 0]: Starting preferred replica leader election for partitions  (kafka.controller.KafkaController)
[2015-08-10 15:42:43,421] INFO [Partition state machine on Controller 0]: Invoking state change to OnlinePartition for partitions  (kafka.controller.PartitionStateMachine)
[2015-08-10 15:42:43,428] INFO [Controller 0]: starting the partition rebalance scheduler (kafka.controller.KafkaController)
[2015-08-10 15:42:43,430] INFO [Controller 0]: Controller startup complete (kafka.controller.KafkaController)
[2015-08-10 15:42:43,498] INFO [BrokerChangeListener on Controller 0]: Broker change listener fired for path /brokers/ids with children 0 (kafka.controller.ReplicaStateMachine$BrokerChangeListener)
[2015-08-10 15:42:43,525] INFO [BrokerChangeListener on Controller 0]: Newly added brokers: 0, deleted brokers: , all live brokers: 0 (kafka.controller.ReplicaStateMachine$BrokerChangeListener)
[2015-08-10 15:42:43,526] DEBUG [Channel manager on controller 0]: Controller 0 trying to connect to broker 0 (kafka.controller.ControllerChannelManager)
[2015-08-10 15:42:43,532] INFO [Controller-0-to-broker-0-send-thread], Controller 0 connected to id:0,host:localhost.localdomain,port:9092 for sending state change requests (kafka.controller.RequestSendThread)
[2015-08-10 15:42:43,533] INFO [Controller-0-to-broker-0-send-thread], Starting  (kafka.controller.RequestSendThread)
[2015-08-10 15:42:43,534] INFO [Controller 0]: New broker startup callback for 0 (kafka.controller.KafkaController)
[2015-08-10 15:42:45,026] INFO [Controller 1]: Controller starting up (kafka.controller.KafkaController)
[2015-08-10 15:42:45,114] INFO [Controller 1]: Controller startup complete (kafka.controller.KafkaController)
[2015-08-10 15:42:45,137] INFO [BrokerChangeListener on Controller 0]: Broker change listener fired for path /brokers/ids with children 0,1 (kafka.controller.ReplicaStateMachine$BrokerChangeListener)
[2015-08-10 15:42:45,156] INFO [BrokerChangeListener on Controller 0]: Newly added brokers: 1, deleted brokers: , all live brokers: 0,1 (kafka.controller.ReplicaStateMachine$BrokerChangeListener)
[2015-08-10 15:42:45,156] DEBUG [Channel manager on controller 0]: Controller 0 trying to connect to broker 1 (kafka.controller.ControllerChannelManager)
[2015-08-10 15:42:45,157] INFO [Controller-0-to-broker-1-send-thread], Controller 0 connected to id:1,host:localhost.localdomain,port:9093 for sending state change requests (kafka.controller.RequestSendThread)
[2015-08-10 15:42:45,157] INFO [Controller-0-to-broker-1-send-thread], Starting  (kafka.controller.RequestSendThread)
[2015-08-10 15:42:45,157] INFO [Controller 0]: New broker startup callback for 1 (kafka.controller.KafkaController)
[2015-08-10 15:42:48,432] TRACE [Controller 0]: checking need to trigger partition rebalance (kafka.controller.KafkaController)
[2015-08-10 15:42:48,437] DEBUG [Controller 0]: preferred replicas by broker Map() (kafka.controller.KafkaController)
[2015-08-10 15:45:48,585] DEBUG [TopicChangeListener on Controller 0]: Topic change listener fired for path /brokers/topics with children greetings (kafka.controller.PartitionStateMachine$TopicChangeListener)
[2015-08-10 15:45:48,598] INFO [TopicChangeListener on Controller 0]: New topics: [Set(greetings)], deleted topics: [Set()], new partition replica assignment [Map([greetings,1] -> List(0, 1), [greetings,2] -> List(1, 0), [greetings,0] -> List(1, 0))] (kafka.controller.PartitionStateMachine$TopicChangeListener)
[2015-08-10 15:45:48,599] INFO [Controller 0]: New topic creation callback for [greetings,1],[greetings,2],[greetings,0] (kafka.controller.KafkaController)
[2015-08-10 15:45:48,603] INFO [Controller 0]: New partition creation callback for [greetings,1],[greetings,2],[greetings,0] (kafka.controller.KafkaController)
[2015-08-10 15:45:48,604] INFO [Partition state machine on Controller 0]: Invoking state change to NewPartition for partitions [greetings,1],[greetings,2],[greetings,0] (kafka.controller.PartitionStateMachine)
[2015-08-10 15:45:48,626] INFO [Replica state machine on controller 0]: Invoking state change to NewReplica for replicas [Topic=greetings,Partition=2,Replica=1],[Topic=greetings,Partition=1,Replica=0],[Topic=greetings,Partition=2,Replica=0],[Topic=greetings,Partition=1,Replica=1],[Topic=greetings,Partition=0,Replica=0],[Topic=greetings,Partition=0,Replica=1] (kafka.controller.ReplicaStateMachine)
[2015-08-10 15:45:48,634] INFO [Partition state machine on Controller 0]: Invoking state change to OnlinePartition for partitions [greetings,1],[greetings,2],[greetings,0] (kafka.controller.PartitionStateMachine)
[2015-08-10 15:45:48,635] DEBUG [Partition state machine on Controller 0]: Live assigned replicas for partition [greetings,1] are: [List(0, 1)] (kafka.controller.PartitionStateMachine)
[2015-08-10 15:45:48,637] DEBUG [Partition state machine on Controller 0]: Initializing leader and isr for partition [greetings,1] to (Leader:0,ISR:0,1,LeaderEpoch:0,ControllerEpoch:1) (kafka.controller.PartitionStateMachine)
[2015-08-10 15:45:48,648] DEBUG [Partition state machine on Controller 0]: Live assigned replicas for partition [greetings,2] are: [List(1, 0)] (kafka.controller.PartitionStateMachine)
[2015-08-10 15:45:48,649] DEBUG [Partition state machine on Controller 0]: Initializing leader and isr for partition [greetings,2] to (Leader:1,ISR:1,0,LeaderEpoch:0,ControllerEpoch:1) (kafka.controller.PartitionStateMachine)
[2015-08-10 15:45:48,654] DEBUG [Partition state machine on Controller 0]: Live assigned replicas for partition [greetings,0] are: [List(1, 0)] (kafka.controller.PartitionStateMachine)
[2015-08-10 15:45:48,654] DEBUG [Partition state machine on Controller 0]: Initializing leader and isr for partition [greetings,0] to (Leader:1,ISR:1,0,LeaderEpoch:0,ControllerEpoch:1) (kafka.controller.PartitionStateMachine)
[2015-08-10 15:45:48,676] INFO [Replica state machine on controller 0]: Invoking state change to OnlineReplica for replicas [Topic=greetings,Partition=2,Replica=1],[Topic=greetings,Partition=1,Replica=0],[Topic=greetings,Partition=2,Replica=0],[Topic=greetings,Partition=1,Replica=1],[Topic=greetings,Partition=0,Replica=0],[Topic=greetings,Partition=0,Replica=1] (kafka.controller.ReplicaStateMachine)
[2015-08-10 15:47:48,430] TRACE [Controller 0]: checking need to trigger partition rebalance (kafka.controller.KafkaController)
[2015-08-10 15:47:48,431] DEBUG [Controller 0]: preferred replicas by broker Map(1 -> Map([greetings,2] -> List(1, 0), [greetings,0] -> List(1, 0)), 0 -> Map([greetings,1] -> List(0, 1))) (kafka.controller.KafkaController)
[2015-08-10 15:47:48,432] DEBUG [Controller 0]: topics not in preferred replica Map() (kafka.controller.KafkaController)
[2015-08-10 15:47:48,433] TRACE [Controller 0]: leader imbalance ratio for broker 1 is 0.000000 (kafka.controller.KafkaController)
[2015-08-10 15:47:48,433] DEBUG [Controller 0]: topics not in preferred replica Map() (kafka.controller.KafkaController)
[2015-08-10 15:47:48,433] TRACE [Controller 0]: leader imbalance ratio for broker 0 is 0.000000 (kafka.controller.KafkaController)
[2015-08-10 15:48:36,976] INFO [Controller 0]: Shutting down broker 1 (kafka.controller.KafkaController)
[2015-08-10 15:48:36,977] DEBUG [Controller 0]: All shutting down brokers: 1 (kafka.controller.KafkaController)
[2015-08-10 15:48:36,977] DEBUG [Controller 0]: Live brokers: 0 (kafka.controller.KafkaController)
[2015-08-10 15:48:36,982] DEBUG The stop replica request (delete = true) sent to broker 1 is  (kafka.controller.ControllerBrokerRequestBatch)
[2015-08-10 15:48:36,983] DEBUG The stop replica request (delete = false) sent to broker 1 is [Topic=greetings,Partition=1,Replica=1] (kafka.controller.ControllerBrokerRequestBatch)
[2015-08-10 15:48:36,984] INFO [Replica state machine on controller 0]: Invoking state change to OfflineReplica for replicas [Topic=greetings,Partition=1,Replica=1] (kafka.controller.ReplicaStateMachine)
[2015-08-10 15:48:36,985] DEBUG [Controller 0]: Removing replica 1 from ISR 0,1 for partition [greetings,1]. (kafka.controller.KafkaController)
[2015-08-10 15:48:36,992] INFO [Controller 0]: New leader and ISR for partition [greetings,1] is {"leader":0,"leader_epoch":1,"isr":[0]} (kafka.controller.KafkaController)
[2015-08-10 15:48:36,995] DEBUG The stop replica request (delete = true) sent to broker 1 is  (kafka.controller.ControllerBrokerRequestBatch)
[2015-08-10 15:48:36,995] DEBUG The stop replica request (delete = false) sent to broker 1 is [Topic=greetings,Partition=1,Replica=1] (kafka.controller.ControllerBrokerRequestBatch)
[2015-08-10 15:48:36,996] INFO [Partition state machine on Controller 0]: Invoking state change to OnlinePartition for partitions [greetings,2] (kafka.controller.PartitionStateMachine)
[2015-08-10 15:48:37,002] DEBUG [ControlledShutdownLeaderSelector]: Partition [greetings,2] : current leader = 1, new leader = 0 (kafka.controller.ControlledShutdownLeaderSelector)
[2015-08-10 15:48:37,004] DEBUG [Partition state machine on Controller 0]: After leader election, leader cache is updated to Map([greetings,1] -> (Leader:0,ISR:0,LeaderEpoch:1,ControllerEpoch:1), [greetings,2] -> (Leader:0,ISR:0,LeaderEpoch:1,ControllerEpoch:1), [greetings,0] -> (Leader:1,ISR:1,0,LeaderEpoch:0,ControllerEpoch:1)) (kafka.controller.PartitionStateMachine)
[2015-08-10 15:48:37,005] INFO [Partition state machine on Controller 0]: Invoking state change to OnlinePartition for partitions [greetings,0] (kafka.controller.PartitionStateMachine)
[2015-08-10 15:48:37,010] DEBUG [ControlledShutdownLeaderSelector]: Partition [greetings,0] : current leader = 1, new leader = 0 (kafka.controller.ControlledShutdownLeaderSelector)
[2015-08-10 15:48:37,012] DEBUG [Partition state machine on Controller 0]: After leader election, leader cache is updated to Map([greetings,1] -> (Leader:0,ISR:0,LeaderEpoch:1,ControllerEpoch:1), [greetings,2] -> (Leader:0,ISR:0,LeaderEpoch:1,ControllerEpoch:1), [greetings,0] -> (Leader:0,ISR:0,LeaderEpoch:1,ControllerEpoch:1)) (kafka.controller.PartitionStateMachine)
[2015-08-10 15:48:37,014] TRACE [Controller 0]: All leaders = [greetings,1] -> (Leader:0,ISR:0,LeaderEpoch:1,ControllerEpoch:1),[greetings,2] -> (Leader:0,ISR:0,LeaderEpoch:1,ControllerEpoch:1),[greetings,0] -> (Leader:0,ISR:0,LeaderEpoch:1,ControllerEpoch:1) (kafka.controller.KafkaController)
[2015-08-10 15:48:37,022] WARN [Controller-0-to-broker-1-send-thread], Controller 0 epoch 1 fails to send request Name: StopReplicaRequest; Version: 0; CorrelationId: 12; ClientId: ; DeletePartitions: false; ControllerId: 0; ControllerEpoch: 1; Partitions: [greetings,1] to broker id:1,host:localhost.localdomain,port:9093. Reconnecting to broker. (kafka.controller.RequestSendThread)
java.io.EOFException: Received -1 when reading from channel, socket has likely been closed.
	at kafka.utils.Utils$.read(Utils.scala:381)
	at kafka.network.BoundedByteBufferReceive.readFrom(BoundedByteBufferReceive.scala:54)
	at kafka.network.Receive$class.readCompletely(Transmission.scala:56)
	at kafka.network.BoundedByteBufferReceive.readCompletely(BoundedByteBufferReceive.scala:29)
	at kafka.network.BlockingChannel.receive(BlockingChannel.scala:111)
	at kafka.controller.RequestSendThread.liftedTree1$1(ControllerChannelManager.scala:133)
	at kafka.controller.RequestSendThread.doWork(ControllerChannelManager.scala:131)
	at kafka.utils.ShutdownableThread.run(ShutdownableThread.scala:60)
[2015-08-10 15:48:37,025] INFO [Controller-0-to-broker-1-send-thread], Controller 0 connected to id:1,host:localhost.localdomain,port:9093 for sending state change requests (kafka.controller.RequestSendThread)
[2015-08-10 15:48:37,217] INFO [BrokerChangeListener on Controller 0]: Broker change listener fired for path /brokers/ids with children 0 (kafka.controller.ReplicaStateMachine$BrokerChangeListener)
[2015-08-10 15:48:37,222] INFO [BrokerChangeListener on Controller 0]: Newly added brokers: , deleted brokers: 1, all live brokers: 0 (kafka.controller.ReplicaStateMachine$BrokerChangeListener)
[2015-08-10 15:48:37,222] INFO [Controller-0-to-broker-1-send-thread], Shutting down (kafka.controller.RequestSendThread)
[2015-08-10 15:48:37,224] ERROR [Controller-0-to-broker-1-send-thread], Controller 0 fails to send a request to broker id:1,host:localhost.localdomain,port:9093 (kafka.controller.RequestSendThread)
java.lang.NullPointerException
	at kafka.controller.RequestSendThread.doWork(ControllerChannelManager.scala:152)
	at kafka.utils.ShutdownableThread.run(ShutdownableThread.scala:60)
[2015-08-10 15:48:37,224] INFO [Controller-0-to-broker-1-send-thread], Stopped  (kafka.controller.RequestSendThread)
[2015-08-10 15:48:37,224] INFO [Controller-0-to-broker-1-send-thread], Shutdown completed (kafka.controller.RequestSendThread)
[2015-08-10 15:48:37,225] INFO [Controller 0]: Broker failure callback for 1 (kafka.controller.KafkaController)
[2015-08-10 15:48:37,226] INFO [Controller 0]: Removed ArrayBuffer(1) from list of shutting down brokers. (kafka.controller.KafkaController)
[2015-08-10 15:48:37,227] INFO [Partition state machine on Controller 0]: Invoking state change to OfflinePartition for partitions  (kafka.controller.PartitionStateMachine)
[2015-08-10 15:48:37,229] INFO [Replica state machine on controller 0]: Invoking state change to OfflineReplica for replicas [Topic=greetings,Partition=1,Replica=1],[Topic=greetings,Partition=2,Replica=1],[Topic=greetings,Partition=0,Replica=1] (kafka.controller.ReplicaStateMachine)
[2015-08-10 15:48:37,229] DEBUG [Controller 0]: Removing replica 1 from ISR 0 for partition [greetings,1]. (kafka.controller.KafkaController)
[2015-08-10 15:48:37,235] WARN [Controller 0]: Cannot remove replica 1 from ISR of partition [greetings,1] since it is not in the ISR. Leader = 0 ; ISR = List(0) (kafka.controller.KafkaController)
[2015-08-10 15:48:37,235] DEBUG [Controller 0]: Removing replica 1 from ISR 0 for partition [greetings,2]. (kafka.controller.KafkaController)
[2015-08-10 15:48:37,238] WARN [Controller 0]: Cannot remove replica 1 from ISR of partition [greetings,2] since it is not in the ISR. Leader = 0 ; ISR = List(0) (kafka.controller.KafkaController)
[2015-08-10 15:48:37,239] DEBUG [Controller 0]: Removing replica 1 from ISR 0 for partition [greetings,0]. (kafka.controller.KafkaController)
[2015-08-10 15:48:37,241] WARN [Controller 0]: Cannot remove replica 1 from ISR of partition [greetings,0] since it is not in the ISR. Leader = 0 ; ISR = List(0) (kafka.controller.KafkaController)
[2015-08-10 15:48:37,242] DEBUG The stop replica request (delete = true) sent to broker 1 is  (kafka.controller.ControllerBrokerRequestBatch)
[2015-08-10 15:48:37,242] DEBUG The stop replica request (delete = false) sent to broker 1 is [Topic=greetings,Partition=1,Replica=1],[Topic=greetings,Partition=2,Replica=1],[Topic=greetings,Partition=0,Replica=1] (kafka.controller.ControllerBrokerRequestBatch)
[2015-08-10 15:48:37,243] WARN [Channel manager on controller 0]: Not sending request Name: StopReplicaRequest; Version: 0; CorrelationId: 17; ClientId: ; DeletePartitions: false; ControllerId: 0; ControllerEpoch: 1; Partitions: [greetings,1] to broker 1, since it is offline. (kafka.controller.ControllerChannelManager)
[2015-08-10 15:48:37,243] WARN [Channel manager on controller 0]: Not sending request Name: StopReplicaRequest; Version: 0; CorrelationId: 17; ClientId: ; DeletePartitions: false; ControllerId: 0; ControllerEpoch: 1; Partitions: [greetings,2] to broker 1, since it is offline. (kafka.controller.ControllerChannelManager)
[2015-08-10 15:48:37,243] WARN [Channel manager on controller 0]: Not sending request Name: StopReplicaRequest; Version: 0; CorrelationId: 17; ClientId: ; DeletePartitions: false; ControllerId: 0; ControllerEpoch: 1; Partitions: [greetings,0] to broker 1, since it is offline. (kafka.controller.ControllerChannelManager)
[2015-08-10 15:48:41,711] INFO [Controller 0]: Shutting down broker 0 (kafka.controller.KafkaController)
[2015-08-10 15:48:41,712] DEBUG [Controller 0]: All shutting down brokers: 0 (kafka.controller.KafkaController)
[2015-08-10 15:48:41,712] DEBUG [Controller 0]: Live brokers:  (kafka.controller.KafkaController)
[2015-08-10 15:48:41,712] INFO [Partition state machine on Controller 0]: Invoking state change to OnlinePartition for partitions [greetings,1] (kafka.controller.PartitionStateMachine)
[2015-08-10 15:48:41,718] INFO [Partition state machine on Controller 0]: Invoking state change to OnlinePartition for partitions [greetings,2] (kafka.controller.PartitionStateMachine)
[2015-08-10 15:48:41,723] INFO [Partition state machine on Controller 0]: Invoking state change to OnlinePartition for partitions [greetings,0] (kafka.controller.PartitionStateMachine)
[2015-08-10 15:48:41,726] TRACE [Controller 0]: All leaders = [greetings,1] -> (Leader:0,ISR:0,LeaderEpoch:1,ControllerEpoch:1),[greetings,2] -> (Leader:0,ISR:0,LeaderEpoch:1,ControllerEpoch:1),[greetings,0] -> (Leader:0,ISR:0,LeaderEpoch:1,ControllerEpoch:1) (kafka.controller.KafkaController)
[2015-08-10 15:48:59,112] DEBUG preRegister called. Server=com.sun.jmx.mbeanserver.JmxMBeanServer@66d3c617, name=log4j:logger=kafka.controller (kafka.controller)
[2015-08-10 15:48:59,853] INFO [Controller 0]: Controller starting up (kafka.controller.KafkaController)
[2015-08-10 15:48:59,873] INFO [Controller 0]: Controller startup complete (kafka.controller.KafkaController)
[2015-08-10 15:48:59,961] INFO [Controller 1]: Controller starting up (kafka.controller.KafkaController)
[2015-08-10 15:48:59,982] INFO [Controller 1]: Controller startup complete (kafka.controller.KafkaController)
[2015-08-10 15:49:06,029] INFO [Controller 1]: Broker 1 starting become controller state transition (kafka.controller.KafkaController)
[2015-08-10 15:49:06,032] INFO [Controller 1]: Initialized controller epoch to 1 and zk version 0 (kafka.controller.KafkaController)
[2015-08-10 15:49:06,040] INFO [Controller 1]: Controller 1 incremented epoch to 2 (kafka.controller.KafkaController)
[2015-08-10 15:49:06,104] DEBUG [Channel manager on controller 1]: Controller 1 trying to connect to broker 1 (kafka.controller.ControllerChannelManager)
[2015-08-10 15:49:06,108] INFO [Controller-1-to-broker-1-send-thread], Controller 1 connected to id:1,host:localhost.localdomain,port:9093 for sending state change requests (kafka.controller.RequestSendThread)
[2015-08-10 15:49:06,109] INFO [Controller-1-to-broker-1-send-thread], Starting  (kafka.controller.RequestSendThread)
[2015-08-10 15:49:06,111] INFO [Controller 1]: Partitions undergoing preferred replica election:  (kafka.controller.KafkaController)
[2015-08-10 15:49:06,111] INFO [Controller 1]: Partitions that completed preferred replica election:  (kafka.controller.KafkaController)
[2015-08-10 15:49:06,111] INFO [Controller 1]: Resuming preferred replica election for partitions:  (kafka.controller.KafkaController)
[2015-08-10 15:49:06,114] INFO [Controller 1]: Partitions being reassigned: Map() (kafka.controller.KafkaController)
[2015-08-10 15:49:06,114] INFO [Controller 1]: Partitions already reassigned: List() (kafka.controller.KafkaController)
[2015-08-10 15:49:06,115] INFO [Controller 1]: Resuming reassignment of partitions: Map() (kafka.controller.KafkaController)
[2015-08-10 15:49:06,120] INFO [Controller 1]: List of topics to be deleted:  (kafka.controller.KafkaController)
[2015-08-10 15:49:06,121] INFO [Controller 1]: List of topics ineligible for deletion: greetings (kafka.controller.KafkaController)
[2015-08-10 15:49:06,123] INFO [Controller 1]: Currently active brokers in the cluster: Set(1) (kafka.controller.KafkaController)
[2015-08-10 15:49:06,124] INFO [Controller 1]: Currently shutting brokers in the cluster: Set() (kafka.controller.KafkaController)
[2015-08-10 15:49:06,124] INFO [Controller 1]: Current list of topics in the cluster: Set(greetings) (kafka.controller.KafkaController)
[2015-08-10 15:49:06,129] INFO [Replica state machine on controller 1]: Invoking state change to OnlineReplica for replicas [Topic=greetings,Partition=1,Replica=1],[Topic=greetings,Partition=2,Replica=1],[Topic=greetings,Partition=0,Replica=1] (kafka.controller.ReplicaStateMachine)
[2015-08-10 15:49:06,150] INFO [Replica state machine on controller 1]: Started replica state machine with initial state -> Map([Topic=greetings,Partition=0,Replica=0] -> ReplicaDeletionIneligible, [Topic=greetings,Partition=0,Replica=1] -> OnlineReplica, [Topic=greetings,Partition=2,Replica=1] -> OnlineReplica, [Topic=greetings,Partition=2,Replica=0] -> ReplicaDeletionIneligible, [Topic=greetings,Partition=1,Replica=1] -> OnlineReplica, [Topic=greetings,Partition=1,Replica=0] -> ReplicaDeletionIneligible) (kafka.controller.ReplicaStateMachine)
[2015-08-10 15:49:06,165] DEBUG [OfflinePartitionLeaderSelector]: No broker in ISR is alive for [greetings,1]. Pick the leader from the alive assigned replicas: 1 (kafka.controller.OfflinePartitionLeaderSelector)
[2015-08-10 15:49:06,166] WARN [OfflinePartitionLeaderSelector]: No broker in ISR is alive for [greetings,1]. Elect leader 1 from live brokers 1. There's potential data loss. (kafka.controller.OfflinePartitionLeaderSelector)
[2015-08-10 15:49:06,168] INFO [OfflinePartitionLeaderSelector]: Selected new leader and ISR {"leader":1,"leader_epoch":2,"isr":[1]} for offline partition [greetings,1] (kafka.controller.OfflinePartitionLeaderSelector)
[2015-08-10 15:49:06,172] DEBUG [Partition state machine on Controller 1]: After leader election, leader cache is updated to Map([greetings,1] -> (Leader:1,ISR:1,LeaderEpoch:2,ControllerEpoch:2), [greetings,2] -> (Leader:0,ISR:0,LeaderEpoch:1,ControllerEpoch:1), [greetings,0] -> (Leader:0,ISR:0,LeaderEpoch:1,ControllerEpoch:1)) (kafka.controller.PartitionStateMachine)
[2015-08-10 15:49:06,180] DEBUG [OfflinePartitionLeaderSelector]: No broker in ISR is alive for [greetings,2]. Pick the leader from the alive assigned replicas: 1 (kafka.controller.OfflinePartitionLeaderSelector)
[2015-08-10 15:49:06,180] WARN [OfflinePartitionLeaderSelector]: No broker in ISR is alive for [greetings,2]. Elect leader 1 from live brokers 1. There's potential data loss. (kafka.controller.OfflinePartitionLeaderSelector)
[2015-08-10 15:49:06,180] INFO [OfflinePartitionLeaderSelector]: Selected new leader and ISR {"leader":1,"leader_epoch":2,"isr":[1]} for offline partition [greetings,2] (kafka.controller.OfflinePartitionLeaderSelector)
[2015-08-10 15:49:06,182] DEBUG [Partition state machine on Controller 1]: After leader election, leader cache is updated to Map([greetings,1] -> (Leader:1,ISR:1,LeaderEpoch:2,ControllerEpoch:2), [greetings,2] -> (Leader:1,ISR:1,LeaderEpoch:2,ControllerEpoch:2), [greetings,0] -> (Leader:0,ISR:0,LeaderEpoch:1,ControllerEpoch:1)) (kafka.controller.PartitionStateMachine)
[2015-08-10 15:49:06,189] DEBUG [OfflinePartitionLeaderSelector]: No broker in ISR is alive for [greetings,0]. Pick the leader from the alive assigned replicas: 1 (kafka.controller.OfflinePartitionLeaderSelector)
[2015-08-10 15:49:06,189] WARN [OfflinePartitionLeaderSelector]: No broker in ISR is alive for [greetings,0]. Elect leader 1 from live brokers 1. There's potential data loss. (kafka.controller.OfflinePartitionLeaderSelector)
[2015-08-10 15:49:06,189] INFO [OfflinePartitionLeaderSelector]: Selected new leader and ISR {"leader":1,"leader_epoch":2,"isr":[1]} for offline partition [greetings,0] (kafka.controller.OfflinePartitionLeaderSelector)
[2015-08-10 15:49:06,191] DEBUG [Partition state machine on Controller 1]: After leader election, leader cache is updated to Map([greetings,1] -> (Leader:1,ISR:1,LeaderEpoch:2,ControllerEpoch:2), [greetings,2] -> (Leader:1,ISR:1,LeaderEpoch:2,ControllerEpoch:2), [greetings,0] -> (Leader:1,ISR:1,LeaderEpoch:2,ControllerEpoch:2)) (kafka.controller.PartitionStateMachine)
[2015-08-10 15:49:06,193] INFO [Partition state machine on Controller 1]: Started partition state machine with initial state -> Map([greetings,1] -> OnlinePartition, [greetings,2] -> OnlinePartition, [greetings,0] -> OnlinePartition) (kafka.controller.PartitionStateMachine)
[2015-08-10 15:49:06,196] INFO [Controller 1]: Broker 1 is ready to serve as the new controller with epoch 2 (kafka.controller.KafkaController)
[2015-08-10 15:49:06,197] INFO [Controller 1]: Starting preferred replica leader election for partitions  (kafka.controller.KafkaController)
[2015-08-10 15:49:06,198] INFO [Partition state machine on Controller 1]: Invoking state change to OnlinePartition for partitions  (kafka.controller.PartitionStateMachine)
[2015-08-10 15:49:06,204] INFO [Controller 1]: starting the partition rebalance scheduler (kafka.controller.KafkaController)
[2015-08-10 15:49:11,207] TRACE [Controller 1]: checking need to trigger partition rebalance (kafka.controller.KafkaController)
[2015-08-10 15:49:11,215] DEBUG [Controller 1]: preferred replicas by broker Map(1 -> Map([greetings,2] -> List(1, 0), [greetings,0] -> List(1, 0)), 0 -> Map([greetings,1] -> List(0, 1))) (kafka.controller.KafkaController)
[2015-08-10 15:49:11,217] DEBUG [Controller 1]: topics not in preferred replica Map() (kafka.controller.KafkaController)
[2015-08-10 15:49:11,218] TRACE [Controller 1]: leader imbalance ratio for broker 1 is 0.000000 (kafka.controller.KafkaController)
[2015-08-10 15:49:11,219] DEBUG [Controller 1]: topics not in preferred replica Map([greetings,1] -> List(0, 1)) (kafka.controller.KafkaController)
[2015-08-10 15:49:11,219] TRACE [Controller 1]: leader imbalance ratio for broker 0 is 1.000000 (kafka.controller.KafkaController)
[2015-08-10 15:49:11,934] INFO [BrokerChangeListener on Controller 1]: Broker change listener fired for path /brokers/ids with children 0,1 (kafka.controller.ReplicaStateMachine$BrokerChangeListener)
[2015-08-10 15:49:11,956] INFO [BrokerChangeListener on Controller 1]: Newly added brokers: 0, deleted brokers: , all live brokers: 0,1 (kafka.controller.ReplicaStateMachine$BrokerChangeListener)
[2015-08-10 15:49:11,957] DEBUG [Channel manager on controller 1]: Controller 1 trying to connect to broker 0 (kafka.controller.ControllerChannelManager)
[2015-08-10 15:49:11,957] INFO [Controller-1-to-broker-0-send-thread], Controller 1 connected to id:0,host:localhost.localdomain,port:9092 for sending state change requests (kafka.controller.RequestSendThread)
[2015-08-10 15:49:11,957] INFO [Controller-1-to-broker-0-send-thread], Starting  (kafka.controller.RequestSendThread)
[2015-08-10 15:49:11,958] INFO [Controller 1]: New broker startup callback for 0 (kafka.controller.KafkaController)
[2015-08-10 15:49:11,960] INFO [Replica state machine on controller 1]: Invoking state change to OnlineReplica for replicas [Topic=greetings,Partition=1,Replica=0],[Topic=greetings,Partition=2,Replica=0],[Topic=greetings,Partition=0,Replica=0] (kafka.controller.ReplicaStateMachine)
[2015-08-10 15:51:33,293] INFO [Controller 1]: Shutting down broker 0 (kafka.controller.KafkaController)
[2015-08-10 15:51:33,294] DEBUG [Controller 1]: All shutting down brokers: 0 (kafka.controller.KafkaController)
[2015-08-10 15:51:33,294] DEBUG [Controller 1]: Live brokers: 1 (kafka.controller.KafkaController)
[2015-08-10 15:51:33,301] DEBUG The stop replica request (delete = true) sent to broker 0 is  (kafka.controller.ControllerBrokerRequestBatch)
[2015-08-10 15:51:33,302] DEBUG The stop replica request (delete = false) sent to broker 0 is [Topic=greetings,Partition=1,Replica=0] (kafka.controller.ControllerBrokerRequestBatch)
[2015-08-10 15:51:33,305] INFO [Replica state machine on controller 1]: Invoking state change to OfflineReplica for replicas [Topic=greetings,Partition=1,Replica=0] (kafka.controller.ReplicaStateMachine)
[2015-08-10 15:51:33,306] DEBUG [Controller 1]: Removing replica 0 from ISR 1 for partition [greetings,1]. (kafka.controller.KafkaController)
[2015-08-10 15:51:33,313] INFO [Controller 1]: New leader and ISR for partition [greetings,1] is {"leader":1,"leader_epoch":3,"isr":[1]} (kafka.controller.KafkaController)
[2015-08-10 15:51:33,315] DEBUG The stop replica request (delete = true) sent to broker 0 is  (kafka.controller.ControllerBrokerRequestBatch)
[2015-08-10 15:51:33,315] DEBUG The stop replica request (delete = false) sent to broker 0 is [Topic=greetings,Partition=1,Replica=0] (kafka.controller.ControllerBrokerRequestBatch)
[2015-08-10 15:51:33,315] DEBUG The stop replica request (delete = true) sent to broker 0 is  (kafka.controller.ControllerBrokerRequestBatch)
[2015-08-10 15:51:33,315] DEBUG The stop replica request (delete = false) sent to broker 0 is [Topic=greetings,Partition=2,Replica=0] (kafka.controller.ControllerBrokerRequestBatch)
[2015-08-10 15:51:33,315] INFO [Replica state machine on controller 1]: Invoking state change to OfflineReplica for replicas [Topic=greetings,Partition=2,Replica=0] (kafka.controller.ReplicaStateMachine)
[2015-08-10 15:51:33,315] DEBUG [Controller 1]: Removing replica 0 from ISR 1 for partition [greetings,2]. (kafka.controller.KafkaController)
[2015-08-10 15:51:33,320] INFO [Controller 1]: New leader and ISR for partition [greetings,2] is {"leader":1,"leader_epoch":3,"isr":[1]} (kafka.controller.KafkaController)
[2015-08-10 15:51:33,320] DEBUG The stop replica request (delete = true) sent to broker 0 is  (kafka.controller.ControllerBrokerRequestBatch)
[2015-08-10 15:51:33,320] DEBUG The stop replica request (delete = false) sent to broker 0 is [Topic=greetings,Partition=2,Replica=0] (kafka.controller.ControllerBrokerRequestBatch)
[2015-08-10 15:51:33,321] DEBUG The stop replica request (delete = true) sent to broker 0 is  (kafka.controller.ControllerBrokerRequestBatch)
[2015-08-10 15:51:33,321] DEBUG The stop replica request (delete = false) sent to broker 0 is [Topic=greetings,Partition=0,Replica=0] (kafka.controller.ControllerBrokerRequestBatch)
[2015-08-10 15:51:33,321] INFO [Replica state machine on controller 1]: Invoking state change to OfflineReplica for replicas [Topic=greetings,Partition=0,Replica=0] (kafka.controller.ReplicaStateMachine)
[2015-08-10 15:51:33,321] DEBUG [Controller 1]: Removing replica 0 from ISR 1 for partition [greetings,0]. (kafka.controller.KafkaController)
[2015-08-10 15:51:33,326] INFO [Controller 1]: New leader and ISR for partition [greetings,0] is {"leader":1,"leader_epoch":3,"isr":[1]} (kafka.controller.KafkaController)
[2015-08-10 15:51:33,327] DEBUG The stop replica request (delete = true) sent to broker 0 is  (kafka.controller.ControllerBrokerRequestBatch)
[2015-08-10 15:51:33,327] DEBUG The stop replica request (delete = false) sent to broker 0 is [Topic=greetings,Partition=0,Replica=0] (kafka.controller.ControllerBrokerRequestBatch)
[2015-08-10 15:51:33,328] TRACE [Controller 1]: All leaders = [greetings,1] -> (Leader:1,ISR:1,LeaderEpoch:3,ControllerEpoch:2),[greetings,2] -> (Leader:1,ISR:1,LeaderEpoch:3,ControllerEpoch:2),[greetings,0] -> (Leader:1,ISR:1,LeaderEpoch:3,ControllerEpoch:2) (kafka.controller.KafkaController)
[2015-08-10 15:51:33,338] WARN [Controller-1-to-broker-0-send-thread], Controller 1 epoch 2 fails to send request Name: StopReplicaRequest; Version: 0; CorrelationId: 12; ClientId: ; DeletePartitions: false; ControllerId: 1; ControllerEpoch: 2; Partitions: [greetings,0] to broker id:0,host:localhost.localdomain,port:9092. Reconnecting to broker. (kafka.controller.RequestSendThread)
java.io.EOFException: Received -1 when reading from channel, socket has likely been closed.
	at kafka.utils.Utils$.read(Utils.scala:381)
	at kafka.network.BoundedByteBufferReceive.readFrom(BoundedByteBufferReceive.scala:54)
	at kafka.network.Receive$class.readCompletely(Transmission.scala:56)
	at kafka.network.BoundedByteBufferReceive.readCompletely(BoundedByteBufferReceive.scala:29)
	at kafka.network.BlockingChannel.receive(BlockingChannel.scala:111)
	at kafka.controller.RequestSendThread.liftedTree1$1(ControllerChannelManager.scala:133)
	at kafka.controller.RequestSendThread.doWork(ControllerChannelManager.scala:131)
	at kafka.utils.ShutdownableThread.run(ShutdownableThread.scala:60)
[2015-08-10 15:51:33,340] INFO [Controller-1-to-broker-0-send-thread], Controller 1 connected to id:0,host:localhost.localdomain,port:9092 for sending state change requests (kafka.controller.RequestSendThread)
[2015-08-10 15:51:33,641] WARN [Controller-1-to-broker-0-send-thread], Controller 1 epoch 2 fails to send request Name: StopReplicaRequest; Version: 0; CorrelationId: 12; ClientId: ; DeletePartitions: false; ControllerId: 1; ControllerEpoch: 2; Partitions: [greetings,0] to broker id:0,host:localhost.localdomain,port:9092. Reconnecting to broker. (kafka.controller.RequestSendThread)
java.nio.channels.ClosedChannelException
	at kafka.network.BlockingChannel.send(BlockingChannel.scala:100)
	at kafka.controller.RequestSendThread.liftedTree1$1(ControllerChannelManager.scala:132)
	at kafka.controller.RequestSendThread.doWork(ControllerChannelManager.scala:131)
	at kafka.utils.ShutdownableThread.run(ShutdownableThread.scala:60)
[2015-08-10 15:51:33,642] INFO [Controller-1-to-broker-0-send-thread], Controller 1 connected to id:0,host:localhost.localdomain,port:9092 for sending state change requests (kafka.controller.RequestSendThread)
[2015-08-10 15:51:33,943] WARN [Controller-1-to-broker-0-send-thread], Controller 1 epoch 2 fails to send request Name: StopReplicaRequest; Version: 0; CorrelationId: 12; ClientId: ; DeletePartitions: false; ControllerId: 1; ControllerEpoch: 2; Partitions: [greetings,0] to broker id:0,host:localhost.localdomain,port:9092. Reconnecting to broker. (kafka.controller.RequestSendThread)
java.nio.channels.ClosedChannelException
	at kafka.network.BlockingChannel.send(BlockingChannel.scala:100)
	at kafka.controller.RequestSendThread.liftedTree1$1(ControllerChannelManager.scala:132)
	at kafka.controller.RequestSendThread.doWork(ControllerChannelManager.scala:131)
	at kafka.utils.ShutdownableThread.run(ShutdownableThread.scala:60)
[2015-08-10 15:51:33,943] INFO [Controller-1-to-broker-0-send-thread], Controller 1 connected to id:0,host:localhost.localdomain,port:9092 for sending state change requests (kafka.controller.RequestSendThread)
[2015-08-10 15:51:34,007] INFO [BrokerChangeListener on Controller 1]: Broker change listener fired for path /brokers/ids with children 1 (kafka.controller.ReplicaStateMachine$BrokerChangeListener)
[2015-08-10 15:51:34,009] INFO [BrokerChangeListener on Controller 1]: Newly added brokers: , deleted brokers: 0, all live brokers: 1 (kafka.controller.ReplicaStateMachine$BrokerChangeListener)
[2015-08-10 15:51:34,010] INFO [Controller-1-to-broker-0-send-thread], Shutting down (kafka.controller.RequestSendThread)
[2015-08-10 15:51:34,014] ERROR [Controller-1-to-broker-0-send-thread], Controller 1 fails to send a request to broker id:0,host:localhost.localdomain,port:9092 (kafka.controller.RequestSendThread)
java.lang.NullPointerException
	at kafka.controller.RequestSendThread.doWork(ControllerChannelManager.scala:152)
	at kafka.utils.ShutdownableThread.run(ShutdownableThread.scala:60)
[2015-08-10 15:51:34,014] INFO [Controller-1-to-broker-0-send-thread], Stopped  (kafka.controller.RequestSendThread)
[2015-08-10 15:51:34,014] INFO [Controller-1-to-broker-0-send-thread], Shutdown completed (kafka.controller.RequestSendThread)
[2015-08-10 15:51:34,015] INFO [Controller 1]: Broker failure callback for 0 (kafka.controller.KafkaController)
[2015-08-10 15:51:34,015] INFO [Controller 1]: Removed ArrayBuffer(0) from list of shutting down brokers. (kafka.controller.KafkaController)
[2015-08-10 15:51:34,016] INFO [Partition state machine on Controller 1]: Invoking state change to OfflinePartition for partitions  (kafka.controller.PartitionStateMachine)
[2015-08-10 15:51:34,016] INFO [Replica state machine on controller 1]: Invoking state change to OfflineReplica for replicas [Topic=greetings,Partition=1,Replica=0],[Topic=greetings,Partition=2,Replica=0],[Topic=greetings,Partition=0,Replica=0] (kafka.controller.ReplicaStateMachine)
[2015-08-10 15:51:34,016] DEBUG [Controller 1]: Removing replica 0 from ISR 1 for partition [greetings,1]. (kafka.controller.KafkaController)
[2015-08-10 15:51:34,021] WARN [Controller 1]: Cannot remove replica 0 from ISR of partition [greetings,1] since it is not in the ISR. Leader = 1 ; ISR = List(1) (kafka.controller.KafkaController)
[2015-08-10 15:51:34,022] DEBUG [Controller 1]: Removing replica 0 from ISR 1 for partition [greetings,2]. (kafka.controller.KafkaController)
[2015-08-10 15:51:34,027] WARN [Controller 1]: Cannot remove replica 0 from ISR of partition [greetings,2] since it is not in the ISR. Leader = 1 ; ISR = List(1) (kafka.controller.KafkaController)
[2015-08-10 15:51:34,028] DEBUG [Controller 1]: Removing replica 0 from ISR 1 for partition [greetings,0]. (kafka.controller.KafkaController)
[2015-08-10 15:51:34,033] WARN [Controller 1]: Cannot remove replica 0 from ISR of partition [greetings,0] since it is not in the ISR. Leader = 1 ; ISR = List(1) (kafka.controller.KafkaController)
[2015-08-10 15:51:34,035] DEBUG The stop replica request (delete = true) sent to broker 0 is  (kafka.controller.ControllerBrokerRequestBatch)
[2015-08-10 15:51:34,035] DEBUG The stop replica request (delete = false) sent to broker 0 is [Topic=greetings,Partition=1,Replica=0],[Topic=greetings,Partition=2,Replica=0],[Topic=greetings,Partition=0,Replica=0] (kafka.controller.ControllerBrokerRequestBatch)
[2015-08-10 15:51:34,036] WARN [Channel manager on controller 1]: Not sending request Name: StopReplicaRequest; Version: 0; CorrelationId: 15; ClientId: ; DeletePartitions: false; ControllerId: 1; ControllerEpoch: 2; Partitions: [greetings,1] to broker 0, since it is offline. (kafka.controller.ControllerChannelManager)
[2015-08-10 15:51:34,037] WARN [Channel manager on controller 1]: Not sending request Name: StopReplicaRequest; Version: 0; CorrelationId: 15; ClientId: ; DeletePartitions: false; ControllerId: 1; ControllerEpoch: 2; Partitions: [greetings,2] to broker 0, since it is offline. (kafka.controller.ControllerChannelManager)
[2015-08-10 15:51:34,037] WARN [Channel manager on controller 1]: Not sending request Name: StopReplicaRequest; Version: 0; CorrelationId: 15; ClientId: ; DeletePartitions: false; ControllerId: 1; ControllerEpoch: 2; Partitions: [greetings,0] to broker 0, since it is offline. (kafka.controller.ControllerChannelManager)
[2015-08-10 15:51:35,436] INFO [Controller 1]: Shutting down broker 1 (kafka.controller.KafkaController)
[2015-08-10 15:51:35,436] DEBUG [Controller 1]: All shutting down brokers: 1 (kafka.controller.KafkaController)
[2015-08-10 15:51:35,436] DEBUG [Controller 1]: Live brokers:  (kafka.controller.KafkaController)
[2015-08-10 15:51:35,437] INFO [Partition state machine on Controller 1]: Invoking state change to OnlinePartition for partitions [greetings,1] (kafka.controller.PartitionStateMachine)
[2015-08-10 15:51:35,444] INFO [Partition state machine on Controller 1]: Invoking state change to OnlinePartition for partitions [greetings,2] (kafka.controller.PartitionStateMachine)
[2015-08-10 15:51:35,448] INFO [Partition state machine on Controller 1]: Invoking state change to OnlinePartition for partitions [greetings,0] (kafka.controller.PartitionStateMachine)
[2015-08-10 15:51:35,452] TRACE [Controller 1]: All leaders = [greetings,1] -> (Leader:1,ISR:1,LeaderEpoch:3,ControllerEpoch:2),[greetings,2] -> (Leader:1,ISR:1,LeaderEpoch:3,ControllerEpoch:2),[greetings,0] -> (Leader:1,ISR:1,LeaderEpoch:3,ControllerEpoch:2) (kafka.controller.KafkaController)
[2015-08-10 21:49:53,558] DEBUG preRegister called. Server=com.sun.jmx.mbeanserver.JmxMBeanServer@66d3c617, name=log4j:logger=kafka.controller (kafka.controller)
[2015-08-10 21:49:58,180] INFO [Controller 0]: Controller starting up (kafka.controller.KafkaController)
[2015-08-10 21:49:58,215] INFO [Controller 0]: Broker 0 starting become controller state transition (kafka.controller.KafkaController)
[2015-08-10 21:49:58,222] INFO [Controller 0]: Controller 0 incremented epoch to 1 (kafka.controller.KafkaController)
[2015-08-10 21:49:58,246] INFO [Controller 0]: Partitions undergoing preferred replica election:  (kafka.controller.KafkaController)
[2015-08-10 21:49:58,247] INFO [Controller 0]: Partitions that completed preferred replica election:  (kafka.controller.KafkaController)
[2015-08-10 21:49:58,248] INFO [Controller 0]: Resuming preferred replica election for partitions:  (kafka.controller.KafkaController)
[2015-08-10 21:49:58,251] INFO [Controller 0]: Partitions being reassigned: Map() (kafka.controller.KafkaController)
[2015-08-10 21:49:58,252] INFO [Controller 0]: Partitions already reassigned: List() (kafka.controller.KafkaController)
[2015-08-10 21:49:58,253] INFO [Controller 0]: Resuming reassignment of partitions: Map() (kafka.controller.KafkaController)
[2015-08-10 21:49:58,258] INFO [Controller 0]: List of topics to be deleted:  (kafka.controller.KafkaController)
[2015-08-10 21:49:58,258] INFO [Controller 0]: List of topics ineligible for deletion:  (kafka.controller.KafkaController)
[2015-08-10 21:49:58,262] INFO [Controller 0]: Currently active brokers in the cluster: Set() (kafka.controller.KafkaController)
[2015-08-10 21:49:58,262] INFO [Controller 0]: Currently shutting brokers in the cluster: Set() (kafka.controller.KafkaController)
[2015-08-10 21:49:58,263] INFO [Controller 0]: Current list of topics in the cluster: Set() (kafka.controller.KafkaController)
[2015-08-10 21:49:58,266] INFO [Replica state machine on controller 0]: Started replica state machine with initial state -> Map() (kafka.controller.ReplicaStateMachine)
[2015-08-10 21:49:58,271] INFO [Partition state machine on Controller 0]: Started partition state machine with initial state -> Map() (kafka.controller.PartitionStateMachine)
[2015-08-10 21:49:58,271] INFO [Controller 0]: Broker 0 is ready to serve as the new controller with epoch 1 (kafka.controller.KafkaController)
[2015-08-10 21:49:58,273] INFO [Controller 0]: Starting preferred replica leader election for partitions  (kafka.controller.KafkaController)
[2015-08-10 21:49:58,274] INFO [Partition state machine on Controller 0]: Invoking state change to OnlinePartition for partitions  (kafka.controller.PartitionStateMachine)
[2015-08-10 21:49:58,281] INFO [Controller 0]: starting the partition rebalance scheduler (kafka.controller.KafkaController)
[2015-08-10 21:49:58,282] INFO [Controller 0]: Controller startup complete (kafka.controller.KafkaController)
[2015-08-10 21:49:58,364] INFO [BrokerChangeListener on Controller 0]: Broker change listener fired for path /brokers/ids with children 0 (kafka.controller.ReplicaStateMachine$BrokerChangeListener)
[2015-08-10 21:49:58,397] INFO [BrokerChangeListener on Controller 0]: Newly added brokers: 0, deleted brokers: , all live brokers: 0 (kafka.controller.ReplicaStateMachine$BrokerChangeListener)
[2015-08-10 21:49:58,398] DEBUG [Channel manager on controller 0]: Controller 0 trying to connect to broker 0 (kafka.controller.ControllerChannelManager)
[2015-08-10 21:49:58,403] INFO [Controller-0-to-broker-0-send-thread], Controller 0 connected to id:0,host:localhost.localdomain,port:9092 for sending state change requests (kafka.controller.RequestSendThread)
[2015-08-10 21:49:58,405] INFO [Controller-0-to-broker-0-send-thread], Starting  (kafka.controller.RequestSendThread)
[2015-08-10 21:49:58,406] INFO [Controller 0]: New broker startup callback for 0 (kafka.controller.KafkaController)
[2015-08-10 21:50:03,284] TRACE [Controller 0]: checking need to trigger partition rebalance (kafka.controller.KafkaController)
[2015-08-10 21:50:03,287] DEBUG [Controller 0]: preferred replicas by broker Map() (kafka.controller.KafkaController)
[2015-08-10 21:50:08,640] INFO [Controller 0]: Shutting down broker 0 (kafka.controller.KafkaController)
[2015-08-10 21:50:08,641] DEBUG [Controller 0]: All shutting down brokers: 0 (kafka.controller.KafkaController)
[2015-08-10 21:50:08,642] DEBUG [Controller 0]: Live brokers:  (kafka.controller.KafkaController)
[2015-08-10 21:50:08,644] TRACE [Controller 0]: All leaders =  (kafka.controller.KafkaController)
[2015-08-10 21:50:09,006] INFO [Partition state machine on Controller 0]: Stopped partition state machine (kafka.controller.PartitionStateMachine)
[2015-08-10 21:50:09,006] INFO [Replica state machine on controller 0]: Stopped replica state machine (kafka.controller.ReplicaStateMachine)
[2015-08-10 21:50:09,007] INFO [Controller-0-to-broker-0-send-thread], Shutting down (kafka.controller.RequestSendThread)
[2015-08-10 21:50:09,007] INFO [Controller-0-to-broker-0-send-thread], Shutdown completed (kafka.controller.RequestSendThread)
[2015-08-10 21:50:09,007] INFO [Controller-0-to-broker-0-send-thread], Stopped  (kafka.controller.RequestSendThread)
[2015-08-10 21:51:01,197] INFO [Controller 0]: Controller starting up (kafka.controller.KafkaController)
[2015-08-10 21:51:01,236] INFO [Controller 0]: Broker 0 starting become controller state transition (kafka.controller.KafkaController)
[2015-08-10 21:51:01,242] INFO [Controller 0]: Initialized controller epoch to 1 and zk version 0 (kafka.controller.KafkaController)
[2015-08-10 21:51:01,247] INFO [Controller 0]: Controller 0 incremented epoch to 2 (kafka.controller.KafkaController)
[2015-08-10 21:51:01,268] INFO [Controller 0]: Partitions undergoing preferred replica election:  (kafka.controller.KafkaController)
[2015-08-10 21:51:01,268] INFO [Controller 0]: Partitions that completed preferred replica election:  (kafka.controller.KafkaController)
[2015-08-10 21:51:01,269] INFO [Controller 0]: Resuming preferred replica election for partitions:  (kafka.controller.KafkaController)
[2015-08-10 21:51:01,273] INFO [Controller 0]: Partitions being reassigned: Map() (kafka.controller.KafkaController)
[2015-08-10 21:51:01,273] INFO [Controller 0]: Partitions already reassigned: List() (kafka.controller.KafkaController)
[2015-08-10 21:51:01,274] INFO [Controller 0]: Resuming reassignment of partitions: Map() (kafka.controller.KafkaController)
[2015-08-10 21:51:01,279] INFO [Controller 0]: List of topics to be deleted:  (kafka.controller.KafkaController)
[2015-08-10 21:51:01,279] INFO [Controller 0]: List of topics ineligible for deletion:  (kafka.controller.KafkaController)
[2015-08-10 21:51:01,283] INFO [Controller 0]: Currently active brokers in the cluster: Set() (kafka.controller.KafkaController)
[2015-08-10 21:51:01,283] INFO [Controller 0]: Currently shutting brokers in the cluster: Set() (kafka.controller.KafkaController)
[2015-08-10 21:51:01,284] INFO [Controller 0]: Current list of topics in the cluster: Set() (kafka.controller.KafkaController)
[2015-08-10 21:51:01,287] INFO [Replica state machine on controller 0]: Started replica state machine with initial state -> Map() (kafka.controller.ReplicaStateMachine)
[2015-08-10 21:51:01,291] INFO [Partition state machine on Controller 0]: Started partition state machine with initial state -> Map() (kafka.controller.PartitionStateMachine)
[2015-08-10 21:51:01,292] INFO [Controller 0]: Broker 0 is ready to serve as the new controller with epoch 2 (kafka.controller.KafkaController)
[2015-08-10 21:51:01,293] INFO [Controller 0]: Starting preferred replica leader election for partitions  (kafka.controller.KafkaController)
[2015-08-10 21:51:01,294] INFO [Partition state machine on Controller 0]: Invoking state change to OnlinePartition for partitions  (kafka.controller.PartitionStateMachine)
[2015-08-10 21:51:01,299] INFO [Controller 0]: starting the partition rebalance scheduler (kafka.controller.KafkaController)
[2015-08-10 21:51:01,300] INFO [Controller 0]: Controller startup complete (kafka.controller.KafkaController)
[2015-08-10 21:51:01,384] INFO [BrokerChangeListener on Controller 0]: Broker change listener fired for path /brokers/ids with children 0 (kafka.controller.ReplicaStateMachine$BrokerChangeListener)
[2015-08-10 21:51:01,413] INFO [BrokerChangeListener on Controller 0]: Newly added brokers: 0, deleted brokers: , all live brokers: 0 (kafka.controller.ReplicaStateMachine$BrokerChangeListener)
[2015-08-10 21:51:01,414] DEBUG [Channel manager on controller 0]: Controller 0 trying to connect to broker 0 (kafka.controller.ControllerChannelManager)
[2015-08-10 21:51:01,419] INFO [Controller-0-to-broker-0-send-thread], Controller 0 connected to id:0,host:localhost.localdomain,port:9092 for sending state change requests (kafka.controller.RequestSendThread)
[2015-08-10 21:51:01,420] INFO [Controller-0-to-broker-0-send-thread], Starting  (kafka.controller.RequestSendThread)
[2015-08-10 21:51:01,421] INFO [Controller 0]: New broker startup callback for 0 (kafka.controller.KafkaController)
[2015-08-10 21:51:06,302] TRACE [Controller 0]: checking need to trigger partition rebalance (kafka.controller.KafkaController)
[2015-08-10 21:51:06,307] DEBUG [Controller 0]: preferred replicas by broker Map() (kafka.controller.KafkaController)
[2015-08-10 21:51:07,312] INFO [Controller 0]: Shutting down broker 0 (kafka.controller.KafkaController)
[2015-08-10 21:51:07,313] DEBUG [Controller 0]: All shutting down brokers: 0 (kafka.controller.KafkaController)
[2015-08-10 21:51:07,313] DEBUG [Controller 0]: Live brokers:  (kafka.controller.KafkaController)
[2015-08-10 21:51:07,316] TRACE [Controller 0]: All leaders =  (kafka.controller.KafkaController)
[2015-08-10 21:51:07,612] INFO [Partition state machine on Controller 0]: Stopped partition state machine (kafka.controller.PartitionStateMachine)
[2015-08-10 21:51:07,613] INFO [Replica state machine on controller 0]: Stopped replica state machine (kafka.controller.ReplicaStateMachine)
[2015-08-10 21:51:07,614] INFO [Controller-0-to-broker-0-send-thread], Shutting down (kafka.controller.RequestSendThread)
[2015-08-10 21:51:07,614] INFO [Controller-0-to-broker-0-send-thread], Stopped  (kafka.controller.RequestSendThread)
[2015-08-10 21:51:07,614] INFO [Controller-0-to-broker-0-send-thread], Shutdown completed (kafka.controller.RequestSendThread)
[2015-08-10 21:51:11,442] DEBUG preRegister called. Server=com.sun.jmx.mbeanserver.JmxMBeanServer@66d3c617, name=log4j:logger=kafka.controller (kafka.controller)
