[2015-08-10 21:49:57,668] INFO Verifying properties (kafka.utils.VerifiableProperties)
[2015-08-10 21:49:57,700] INFO Property broker.id is overridden to 0 (kafka.utils.VerifiableProperties)
[2015-08-10 21:49:57,700] INFO Property log.cleaner.enable is overridden to false (kafka.utils.VerifiableProperties)
[2015-08-10 21:49:57,700] INFO Property log.dirs is overridden to /tmp/kafka-logs-0 (kafka.utils.VerifiableProperties)
[2015-08-10 21:49:57,700] INFO Property log.retention.check.interval.ms is overridden to 300000 (kafka.utils.VerifiableProperties)
[2015-08-10 21:49:57,701] INFO Property log.retention.hours is overridden to 168 (kafka.utils.VerifiableProperties)
[2015-08-10 21:49:57,701] INFO Property log.segment.bytes is overridden to 1073741824 (kafka.utils.VerifiableProperties)
[2015-08-10 21:49:57,701] INFO Property num.io.threads is overridden to 8 (kafka.utils.VerifiableProperties)
[2015-08-10 21:49:57,701] INFO Property num.network.threads is overridden to 3 (kafka.utils.VerifiableProperties)
[2015-08-10 21:49:57,702] INFO Property num.partitions is overridden to 1 (kafka.utils.VerifiableProperties)
[2015-08-10 21:49:57,702] INFO Property num.recovery.threads.per.data.dir is overridden to 1 (kafka.utils.VerifiableProperties)
[2015-08-10 21:49:57,702] INFO Property port is overridden to 9092 (kafka.utils.VerifiableProperties)
[2015-08-10 21:49:57,702] INFO Property socket.receive.buffer.bytes is overridden to 102400 (kafka.utils.VerifiableProperties)
[2015-08-10 21:49:57,702] INFO Property socket.request.max.bytes is overridden to 104857600 (kafka.utils.VerifiableProperties)
[2015-08-10 21:49:57,703] INFO Property socket.send.buffer.bytes is overridden to 102400 (kafka.utils.VerifiableProperties)
[2015-08-10 21:49:57,703] INFO Property zookeeper.connect is overridden to localhost:2181 (kafka.utils.VerifiableProperties)
[2015-08-10 21:49:57,703] INFO Property zookeeper.connection.timeout.ms is overridden to 6000 (kafka.utils.VerifiableProperties)
[2015-08-10 21:49:57,737] INFO [Kafka Server 0], starting (kafka.server.KafkaServer)
[2015-08-10 21:49:57,741] INFO [Kafka Server 0], Connecting to zookeeper on localhost:2181 (kafka.server.KafkaServer)
[2015-08-10 21:49:57,754] INFO Starting ZkClient event thread. (org.I0Itec.zkclient.ZkEventThread)
[2015-08-10 21:49:57,761] INFO Client environment:zookeeper.version=3.4.6-1569965, built on 02/20/2014 09:09 GMT (org.apache.zookeeper.ZooKeeper)
[2015-08-10 21:49:57,761] INFO Client environment:host.name=localhost.localdomain (org.apache.zookeeper.ZooKeeper)
[2015-08-10 21:49:57,761] INFO Client environment:java.version=1.8.0_45 (org.apache.zookeeper.ZooKeeper)
[2015-08-10 21:49:57,761] INFO Client environment:java.vendor=Oracle Corporation (org.apache.zookeeper.ZooKeeper)
[2015-08-10 21:49:57,761] INFO Client environment:java.home=/usr/lib/jvm/java-8-jdk/jre (org.apache.zookeeper.ZooKeeper)
[2015-08-10 21:49:57,761] INFO Client environment:java.class.path=:/home/tony/projects/openbel/openbel-server/tools/kafka/bin/../core/build/dependant-libs-2.10.4*/*.jar:/home/tony/projects/openbel/openbel-server/tools/kafka/bin/../examples/build/libs//kafka-examples*.jar:/home/tony/projects/openbel/openbel-server/tools/kafka/bin/../contrib/hadoop-consumer/build/libs//kafka-hadoop-consumer*.jar:/home/tony/projects/openbel/openbel-server/tools/kafka/bin/../contrib/hadoop-producer/build/libs//kafka-hadoop-producer*.jar:/home/tony/projects/openbel/openbel-server/tools/kafka/bin/../clients/build/libs/kafka-clients*.jar:/home/tony/projects/openbel/openbel-server/tools/kafka/bin/../libs/jopt-simple-3.2.jar:/home/tony/projects/openbel/openbel-server/tools/kafka/bin/../libs/kafka_2.10-0.8.2.1.jar:/home/tony/projects/openbel/openbel-server/tools/kafka/bin/../libs/kafka_2.10-0.8.2.1-javadoc.jar:/home/tony/projects/openbel/openbel-server/tools/kafka/bin/../libs/kafka_2.10-0.8.2.1-scaladoc.jar:/home/tony/projects/openbel/openbel-server/tools/kafka/bin/../libs/kafka_2.10-0.8.2.1-sources.jar:/home/tony/projects/openbel/openbel-server/tools/kafka/bin/../libs/kafka_2.10-0.8.2.1-test.jar:/home/tony/projects/openbel/openbel-server/tools/kafka/bin/../libs/kafka-clients-0.8.2.1.jar:/home/tony/projects/openbel/openbel-server/tools/kafka/bin/../libs/log4j-1.2.16.jar:/home/tony/projects/openbel/openbel-server/tools/kafka/bin/../libs/lz4-1.2.0.jar:/home/tony/projects/openbel/openbel-server/tools/kafka/bin/../libs/metrics-core-2.2.0.jar:/home/tony/projects/openbel/openbel-server/tools/kafka/bin/../libs/scala-library-2.10.4.jar:/home/tony/projects/openbel/openbel-server/tools/kafka/bin/../libs/slf4j-api-1.7.6.jar:/home/tony/projects/openbel/openbel-server/tools/kafka/bin/../libs/slf4j-log4j12-1.6.1.jar:/home/tony/projects/openbel/openbel-server/tools/kafka/bin/../libs/snappy-java-1.1.1.6.jar:/home/tony/projects/openbel/openbel-server/tools/kafka/bin/../libs/zkclient-0.3.jar:/home/tony/projects/openbel/openbel-server/tools/kafka/bin/../libs/zookeeper-3.4.6.jar:/home/tony/projects/openbel/openbel-server/tools/kafka/bin/../core/build/libs/kafka_2.10*.jar (org.apache.zookeeper.ZooKeeper)
[2015-08-10 21:49:57,761] INFO Client environment:java.library.path=/usr/java/packages/lib/amd64:/usr/lib64:/lib64:/lib:/usr/lib (org.apache.zookeeper.ZooKeeper)
[2015-08-10 21:49:57,761] INFO Client environment:java.io.tmpdir=/tmp (org.apache.zookeeper.ZooKeeper)
[2015-08-10 21:49:57,761] INFO Client environment:java.compiler=<NA> (org.apache.zookeeper.ZooKeeper)
[2015-08-10 21:49:57,761] INFO Client environment:os.name=Linux (org.apache.zookeeper.ZooKeeper)
[2015-08-10 21:49:57,761] INFO Client environment:os.arch=amd64 (org.apache.zookeeper.ZooKeeper)
[2015-08-10 21:49:57,761] INFO Client environment:os.version=4.1.4-1-ARCH (org.apache.zookeeper.ZooKeeper)
[2015-08-10 21:49:57,761] INFO Client environment:user.name=tony (org.apache.zookeeper.ZooKeeper)
[2015-08-10 21:49:57,761] INFO Client environment:user.home=/home/tony (org.apache.zookeeper.ZooKeeper)
[2015-08-10 21:49:57,761] INFO Client environment:user.dir=/home/tony/projects/openbel/openbel-server (org.apache.zookeeper.ZooKeeper)
[2015-08-10 21:49:57,762] INFO Initiating client connection, connectString=localhost:2181 sessionTimeout=6000 watcher=org.I0Itec.zkclient.ZkClient@70b0b186 (org.apache.zookeeper.ZooKeeper)
[2015-08-10 21:49:57,781] INFO Opening socket connection to server localhost.localdomain/0:0:0:0:0:0:0:1:2181. Will not attempt to authenticate using SASL (unknown error) (org.apache.zookeeper.ClientCnxn)
[2015-08-10 21:49:57,874] INFO Socket connection established to localhost.localdomain/0:0:0:0:0:0:0:1:2181, initiating session (org.apache.zookeeper.ClientCnxn)
[2015-08-10 21:49:57,965] INFO Session establishment complete on server localhost.localdomain/0:0:0:0:0:0:0:1:2181, sessionid = 0x14f1a7314470000, negotiated timeout = 6000 (org.apache.zookeeper.ClientCnxn)
[2015-08-10 21:49:57,967] INFO zookeeper state changed (SyncConnected) (org.I0Itec.zkclient.ZkClient)
[2015-08-10 21:49:58,065] INFO Log directory '/tmp/kafka-logs-0' not found, creating it. (kafka.log.LogManager)
[2015-08-10 21:49:58,071] INFO Loading logs. (kafka.log.LogManager)
[2015-08-10 21:49:58,077] INFO Logs loading complete. (kafka.log.LogManager)
[2015-08-10 21:49:58,078] INFO Starting log cleanup with a period of 300000 ms. (kafka.log.LogManager)
[2015-08-10 21:49:58,082] INFO Starting log flusher with a default period of 9223372036854775807 ms. (kafka.log.LogManager)
[2015-08-10 21:49:58,112] INFO Awaiting socket connections on 0.0.0.0:9092. (kafka.network.Acceptor)
[2015-08-10 21:49:58,114] INFO [Socket Server on Broker 0], Started (kafka.network.SocketServer)
[2015-08-10 21:49:58,178] INFO Will not load MX4J, mx4j-tools.jar is not in the classpath (kafka.utils.Mx4jLoader$)
[2015-08-10 21:49:58,214] INFO 0 successfully elected as leader (kafka.server.ZookeeperLeaderElector)
[2015-08-10 21:49:58,300] INFO Registered broker 0 at path /brokers/ids/0 with address localhost.localdomain:9092. (kafka.utils.ZkUtils$)
[2015-08-10 21:49:58,312] INFO [Kafka Server 0], started (kafka.server.KafkaServer)
[2015-08-10 21:49:58,361] INFO New leader is 0 (kafka.server.ZookeeperLeaderElector$LeaderChangeListener)
[2015-08-10 21:50:08,595] INFO [Kafka Server 0], shutting down (kafka.server.KafkaServer)
[2015-08-10 21:50:08,597] INFO [Kafka Server 0], Starting controlled shutdown (kafka.server.KafkaServer)
[2015-08-10 21:50:08,660] INFO [Kafka Server 0], Controlled shutdown succeeded (kafka.server.KafkaServer)
[2015-08-10 21:50:08,663] INFO [Socket Server on Broker 0], Shutting down (kafka.network.SocketServer)
[2015-08-10 21:50:08,697] INFO [Socket Server on Broker 0], Shutdown completed (kafka.network.SocketServer)
[2015-08-10 21:50:08,698] INFO [Kafka Request Handler on Broker 0], shutting down (kafka.server.KafkaRequestHandlerPool)
[2015-08-10 21:50:08,701] INFO [Kafka Request Handler on Broker 0], shut down completely (kafka.server.KafkaRequestHandlerPool)
[2015-08-10 21:50:08,991] INFO [Replica Manager on Broker 0]: Shut down (kafka.server.ReplicaManager)
[2015-08-10 21:50:08,992] INFO [ReplicaFetcherManager on broker 0] shutting down (kafka.server.ReplicaFetcherManager)
[2015-08-10 21:50:08,994] INFO [ReplicaFetcherManager on broker 0] shutdown completed (kafka.server.ReplicaFetcherManager)
[2015-08-10 21:50:08,998] INFO [Replica Manager on Broker 0]: Shut down completely (kafka.server.ReplicaManager)
[2015-08-10 21:50:08,999] INFO Shutting down. (kafka.log.LogManager)
[2015-08-10 21:50:09,004] INFO Shutdown complete. (kafka.log.LogManager)
[2015-08-10 21:50:09,008] INFO Terminate ZkClient event thread. (org.I0Itec.zkclient.ZkEventThread)
[2015-08-10 21:50:09,010] INFO Session: 0x14f1a7314470000 closed (org.apache.zookeeper.ZooKeeper)
[2015-08-10 21:50:09,011] INFO EventThread shut down (org.apache.zookeeper.ClientCnxn)
[2015-08-10 21:50:09,011] INFO [Kafka Server 0], shut down completed (kafka.server.KafkaServer)
