[2015-08-13 09:06:54,105] DEBUG preRegister called. Server=com.sun.jmx.mbeanserver.JmxMBeanServer@22b7ff0e, name=log4j:logger=state.change.logger (state.change.logger)
[2015-08-13 09:07:03,137] TRACE Controller 0 epoch 4 started leader election for partition [evidence,0] (state.change.logger)
[2015-08-13 09:07:03,162] ERROR Controller 0 epoch 4 initiated state change for partition [evidence,0] from OfflinePartition to OnlinePartition failed (state.change.logger)
kafka.common.NoReplicaOnlineException: No replica for partition [evidence,0] is alive. Live brokers are: [Set()], Assigned replicas are: [List(0)]
	at kafka.controller.OfflinePartitionLeaderSelector.selectLeader(PartitionLeaderSelector.scala:75)
	at kafka.controller.PartitionStateMachine.electLeaderForPartition(PartitionStateMachine.scala:344)
	at kafka.controller.PartitionStateMachine.kafka$controller$PartitionStateMachine$$handleStateChange(PartitionStateMachine.scala:204)
	at kafka.controller.PartitionStateMachine$$anonfun$triggerOnlinePartitionStateChange$3.apply(PartitionStateMachine.scala:119)
	at kafka.controller.PartitionStateMachine$$anonfun$triggerOnlinePartitionStateChange$3.apply(PartitionStateMachine.scala:116)
	at scala.collection.TraversableLike$WithFilter$$anonfun$foreach$1.apply(TraversableLike.scala:772)
	at scala.collection.mutable.HashMap$$anonfun$foreach$1.apply(HashMap.scala:98)
	at scala.collection.mutable.HashMap$$anonfun$foreach$1.apply(HashMap.scala:98)
	at scala.collection.mutable.HashTable$class.foreachEntry(HashTable.scala:226)
	at scala.collection.mutable.HashMap.foreachEntry(HashMap.scala:39)
	at scala.collection.mutable.HashMap.foreach(HashMap.scala:98)
	at scala.collection.TraversableLike$WithFilter.foreach(TraversableLike.scala:771)
	at kafka.controller.PartitionStateMachine.triggerOnlinePartitionStateChange(PartitionStateMachine.scala:116)
	at kafka.controller.PartitionStateMachine.startup(PartitionStateMachine.scala:69)
	at kafka.controller.KafkaController.onControllerFailover(KafkaController.scala:327)
	at kafka.controller.KafkaController$$anonfun$1.apply$mcV$sp(KafkaController.scala:159)
	at kafka.server.ZookeeperLeaderElector.elect(ZookeeperLeaderElector.scala:81)
	at kafka.server.ZookeeperLeaderElector$LeaderChangeListener$$anonfun$handleDataDeleted$1.apply$mcZ$sp(ZookeeperLeaderElector.scala:139)
	at kafka.server.ZookeeperLeaderElector$LeaderChangeListener$$anonfun$handleDataDeleted$1.apply(ZookeeperLeaderElector.scala:134)
	at kafka.server.ZookeeperLeaderElector$LeaderChangeListener$$anonfun$handleDataDeleted$1.apply(ZookeeperLeaderElector.scala:134)
	at kafka.utils.CoreUtils$.inLock(CoreUtils.scala:262)
	at kafka.server.ZookeeperLeaderElector$LeaderChangeListener.handleDataDeleted(ZookeeperLeaderElector.scala:134)
	at org.I0Itec.zkclient.ZkClient$7.run(ZkClient.java:753)
	at org.I0Itec.zkclient.ZkEventThread.run(ZkEventThread.java:71)
[2015-08-13 09:07:05,926] TRACE Controller 0 epoch 4 sending UpdateMetadata request (Leader:0,ISR:0,LeaderEpoch:1,ControllerEpoch:3) with correlationId 3 to broker 0 for partition [evidence,0] (state.change.logger)
[2015-08-13 09:07:05,942] TRACE Controller 0 epoch 4 changed state of replica 0 for partition [evidence,0] from ReplicaDeletionIneligible to OnlineReplica (state.change.logger)
[2015-08-13 09:07:05,946] TRACE Controller 0 epoch 4 sending become-leader LeaderAndIsr request (Leader:0,ISR:0,LeaderEpoch:1,ControllerEpoch:3) with correlationId 4 to broker 0 for partition [evidence,0] (state.change.logger)
[2015-08-13 09:07:05,946] TRACE Controller 0 epoch 4 sending UpdateMetadata request (Leader:0,ISR:0,LeaderEpoch:1,ControllerEpoch:3) with correlationId 4 to broker 0 for partition [evidence,0] (state.change.logger)
[2015-08-13 09:07:05,947] TRACE Controller 0 epoch 4 started leader election for partition [evidence,0] (state.change.logger)
[2015-08-13 09:07:05,963] TRACE Broker 0 cached leader info (LeaderAndIsrInfo:(Leader:0,ISR:0,LeaderEpoch:1,ControllerEpoch:3),ReplicationFactor:1),AllReplicas:0) for partition [evidence,0] in response to UpdateMetadata request sent by controller 0 epoch 4 with correlation id 3 (state.change.logger)
[2015-08-13 09:07:05,965] TRACE Controller 0 epoch 4 received response UpdateMetadataResponse(3,0) for a request sent to broker 0 : (EndPoint(localhost.localdomain,9092,PLAINTEXT)) (state.change.logger)
[2015-08-13 09:07:05,971] TRACE Broker 0 received LeaderAndIsr request (LeaderAndIsrInfo:(Leader:0,ISR:0,LeaderEpoch:1,ControllerEpoch:3),ReplicationFactor:1),AllReplicas:0) correlation id 4 from controller 0 epoch 4 for partition [evidence,0] (state.change.logger)
[2015-08-13 09:07:05,981] TRACE Broker 0 handling LeaderAndIsr request correlationId 4 from controller 0 epoch 4 starting the become-leader transition for partition [evidence,0] (state.change.logger)
[2015-08-13 09:07:05,983] TRACE Controller 0 epoch 4 elected leader 0 for Offline partition [evidence,0] (state.change.logger)
[2015-08-13 09:07:05,985] TRACE Broker 0 stopped fetchers as part of become-leader request from controller 0 epoch 4 with correlation id 4 for partition [evidence,0] (state.change.logger)
[2015-08-13 09:07:05,985] TRACE Controller 0 epoch 4 changed partition [evidence,0] from OfflinePartition to OnlinePartition with leader 0 (state.change.logger)
[2015-08-13 09:07:05,985] TRACE Controller 0 epoch 4 sending become-leader LeaderAndIsr request (Leader:0,ISR:0,LeaderEpoch:2,ControllerEpoch:4) with correlationId 5 to broker 0 for partition [evidence,0] (state.change.logger)
[2015-08-13 09:07:05,986] TRACE Controller 0 epoch 4 sending UpdateMetadata request (Leader:0,ISR:0,LeaderEpoch:2,ControllerEpoch:4) with correlationId 5 to broker 0 for partition [evidence,0] (state.change.logger)
[2015-08-13 09:07:05,995] TRACE Broker 0 completed LeaderAndIsr request correlationId 4 from controller 0 epoch 4 for the become-leader transition for partition [evidence,0] (state.change.logger)
[2015-08-13 09:07:06,002] TRACE Controller 0 epoch 4 received response LeaderAndIsrResponse(4,Map((evidence,0) -> 0),0) for a request sent to broker 0 : (EndPoint(localhost.localdomain,9092,PLAINTEXT)) (state.change.logger)
[2015-08-13 09:07:06,004] TRACE Broker 0 cached leader info (LeaderAndIsrInfo:(Leader:0,ISR:0,LeaderEpoch:1,ControllerEpoch:3),ReplicationFactor:1),AllReplicas:0) for partition [evidence,0] in response to UpdateMetadata request sent by controller 0 epoch 4 with correlation id 4 (state.change.logger)
[2015-08-13 09:07:06,005] TRACE Controller 0 epoch 4 received response UpdateMetadataResponse(4,0) for a request sent to broker 0 : (EndPoint(localhost.localdomain,9092,PLAINTEXT)) (state.change.logger)
[2015-08-13 09:07:06,006] TRACE Broker 0 received LeaderAndIsr request (LeaderAndIsrInfo:(Leader:0,ISR:0,LeaderEpoch:2,ControllerEpoch:4),ReplicationFactor:1),AllReplicas:0) correlation id 5 from controller 0 epoch 4 for partition [evidence,0] (state.change.logger)
[2015-08-13 09:07:06,007] TRACE Broker 0 handling LeaderAndIsr request correlationId 5 from controller 0 epoch 4 starting the become-leader transition for partition [evidence,0] (state.change.logger)
[2015-08-13 09:07:06,008] TRACE Broker 0 stopped fetchers as part of become-leader request from controller 0 epoch 4 with correlation id 5 for partition [evidence,0] (state.change.logger)
[2015-08-13 09:07:06,009] TRACE Broker 0 completed LeaderAndIsr request correlationId 5 from controller 0 epoch 4 for the become-leader transition for partition [evidence,0] (state.change.logger)
[2015-08-13 09:07:06,010] TRACE Controller 0 epoch 4 received response LeaderAndIsrResponse(5,Map((evidence,0) -> 0),0) for a request sent to broker 0 : (EndPoint(localhost.localdomain,9092,PLAINTEXT)) (state.change.logger)
[2015-08-13 09:07:06,011] TRACE Broker 0 cached leader info (LeaderAndIsrInfo:(Leader:0,ISR:0,LeaderEpoch:2,ControllerEpoch:4),ReplicationFactor:1),AllReplicas:0) for partition [evidence,0] in response to UpdateMetadata request sent by controller 0 epoch 4 with correlation id 5 (state.change.logger)
[2015-08-13 09:07:06,012] TRACE Controller 0 epoch 4 received response UpdateMetadataResponse(5,0) for a request sent to broker 0 : (EndPoint(localhost.localdomain,9092,PLAINTEXT)) (state.change.logger)
[2015-08-13 09:07:06,026] TRACE Controller 0 epoch 4 sending UpdateMetadata request (Leader:0,ISR:0,LeaderEpoch:2,ControllerEpoch:4) with correlationId 6 to broker 0 for partition [evidence,0] (state.change.logger)
[2015-08-13 09:07:06,028] TRACE Broker 0 cached leader info (LeaderAndIsrInfo:(Leader:0,ISR:0,LeaderEpoch:2,ControllerEpoch:4),ReplicationFactor:1),AllReplicas:0) for partition [evidence,0] in response to UpdateMetadata request sent by controller 0 epoch 4 with correlation id 6 (state.change.logger)
[2015-08-13 09:07:06,029] TRACE Controller 0 epoch 4 received response UpdateMetadataResponse(6,0) for a request sent to broker 0 : (EndPoint(localhost.localdomain,9092,PLAINTEXT)) (state.change.logger)
[2015-08-13 09:07:47,057] DEBUG preRegister called. Server=com.sun.jmx.mbeanserver.JmxMBeanServer@22b7ff0e, name=log4j:logger=state.change.logger (state.change.logger)
[2015-08-13 09:07:54,182] TRACE Controller 0 epoch 5 started leader election for partition [evidence,0] (state.change.logger)
[2015-08-13 09:07:54,210] ERROR Controller 0 epoch 5 initiated state change for partition [evidence,0] from OfflinePartition to OnlinePartition failed (state.change.logger)
kafka.common.NoReplicaOnlineException: No replica for partition [evidence,0] is alive. Live brokers are: [Set()], Assigned replicas are: [List(0)]
	at kafka.controller.OfflinePartitionLeaderSelector.selectLeader(PartitionLeaderSelector.scala:75)
	at kafka.controller.PartitionStateMachine.electLeaderForPartition(PartitionStateMachine.scala:344)
	at kafka.controller.PartitionStateMachine.kafka$controller$PartitionStateMachine$$handleStateChange(PartitionStateMachine.scala:204)
	at kafka.controller.PartitionStateMachine$$anonfun$triggerOnlinePartitionStateChange$3.apply(PartitionStateMachine.scala:119)
	at kafka.controller.PartitionStateMachine$$anonfun$triggerOnlinePartitionStateChange$3.apply(PartitionStateMachine.scala:116)
	at scala.collection.TraversableLike$WithFilter$$anonfun$foreach$1.apply(TraversableLike.scala:772)
	at scala.collection.mutable.HashMap$$anonfun$foreach$1.apply(HashMap.scala:98)
	at scala.collection.mutable.HashMap$$anonfun$foreach$1.apply(HashMap.scala:98)
	at scala.collection.mutable.HashTable$class.foreachEntry(HashTable.scala:226)
	at scala.collection.mutable.HashMap.foreachEntry(HashMap.scala:39)
	at scala.collection.mutable.HashMap.foreach(HashMap.scala:98)
	at scala.collection.TraversableLike$WithFilter.foreach(TraversableLike.scala:771)
	at kafka.controller.PartitionStateMachine.triggerOnlinePartitionStateChange(PartitionStateMachine.scala:116)
	at kafka.controller.PartitionStateMachine.startup(PartitionStateMachine.scala:69)
	at kafka.controller.KafkaController.onControllerFailover(KafkaController.scala:327)
	at kafka.controller.KafkaController$$anonfun$1.apply$mcV$sp(KafkaController.scala:159)
	at kafka.server.ZookeeperLeaderElector.elect(ZookeeperLeaderElector.scala:81)
	at kafka.server.ZookeeperLeaderElector$LeaderChangeListener$$anonfun$handleDataDeleted$1.apply$mcZ$sp(ZookeeperLeaderElector.scala:139)
	at kafka.server.ZookeeperLeaderElector$LeaderChangeListener$$anonfun$handleDataDeleted$1.apply(ZookeeperLeaderElector.scala:134)
	at kafka.server.ZookeeperLeaderElector$LeaderChangeListener$$anonfun$handleDataDeleted$1.apply(ZookeeperLeaderElector.scala:134)
	at kafka.utils.CoreUtils$.inLock(CoreUtils.scala:262)
	at kafka.server.ZookeeperLeaderElector$LeaderChangeListener.handleDataDeleted(ZookeeperLeaderElector.scala:134)
	at org.I0Itec.zkclient.ZkClient$7.run(ZkClient.java:753)
	at org.I0Itec.zkclient.ZkEventThread.run(ZkEventThread.java:71)
[2015-08-13 09:07:58,624] TRACE Controller 0 epoch 5 sending UpdateMetadata request (Leader:0,ISR:0,LeaderEpoch:2,ControllerEpoch:4) with correlationId 3 to broker 0 for partition [evidence,0] (state.change.logger)
[2015-08-13 09:07:58,638] TRACE Controller 0 epoch 5 changed state of replica 0 for partition [evidence,0] from ReplicaDeletionIneligible to OnlineReplica (state.change.logger)
[2015-08-13 09:07:58,642] TRACE Controller 0 epoch 5 sending become-leader LeaderAndIsr request (Leader:0,ISR:0,LeaderEpoch:2,ControllerEpoch:4) with correlationId 4 to broker 0 for partition [evidence,0] (state.change.logger)
[2015-08-13 09:07:58,642] TRACE Controller 0 epoch 5 sending UpdateMetadata request (Leader:0,ISR:0,LeaderEpoch:2,ControllerEpoch:4) with correlationId 4 to broker 0 for partition [evidence,0] (state.change.logger)
[2015-08-13 09:07:58,642] TRACE Controller 0 epoch 5 started leader election for partition [evidence,0] (state.change.logger)
[2015-08-13 09:07:58,666] TRACE Broker 0 cached leader info (LeaderAndIsrInfo:(Leader:0,ISR:0,LeaderEpoch:2,ControllerEpoch:4),ReplicationFactor:1),AllReplicas:0) for partition [evidence,0] in response to UpdateMetadata request sent by controller 0 epoch 5 with correlation id 3 (state.change.logger)
[2015-08-13 09:07:58,668] TRACE Controller 0 epoch 5 received response UpdateMetadataResponse(3,0) for a request sent to broker 0 : (EndPoint(localhost.localdomain,9092,PLAINTEXT)) (state.change.logger)
[2015-08-13 09:07:58,674] TRACE Broker 0 received LeaderAndIsr request (LeaderAndIsrInfo:(Leader:0,ISR:0,LeaderEpoch:2,ControllerEpoch:4),ReplicationFactor:1),AllReplicas:0) correlation id 4 from controller 0 epoch 5 for partition [evidence,0] (state.change.logger)
[2015-08-13 09:07:58,682] TRACE Broker 0 handling LeaderAndIsr request correlationId 4 from controller 0 epoch 5 starting the become-leader transition for partition [evidence,0] (state.change.logger)
[2015-08-13 09:07:58,682] TRACE Controller 0 epoch 5 elected leader 0 for Offline partition [evidence,0] (state.change.logger)
[2015-08-13 09:07:58,685] TRACE Controller 0 epoch 5 changed partition [evidence,0] from OfflinePartition to OnlinePartition with leader 0 (state.change.logger)
[2015-08-13 09:07:58,685] TRACE Controller 0 epoch 5 sending become-leader LeaderAndIsr request (Leader:0,ISR:0,LeaderEpoch:3,ControllerEpoch:5) with correlationId 5 to broker 0 for partition [evidence,0] (state.change.logger)
[2015-08-13 09:07:58,686] TRACE Controller 0 epoch 5 sending UpdateMetadata request (Leader:0,ISR:0,LeaderEpoch:3,ControllerEpoch:5) with correlationId 5 to broker 0 for partition [evidence,0] (state.change.logger)
[2015-08-13 09:07:58,686] TRACE Broker 0 stopped fetchers as part of become-leader request from controller 0 epoch 5 with correlation id 4 for partition [evidence,0] (state.change.logger)
[2015-08-13 09:07:58,697] TRACE Broker 0 completed LeaderAndIsr request correlationId 4 from controller 0 epoch 5 for the become-leader transition for partition [evidence,0] (state.change.logger)
[2015-08-13 09:07:58,707] TRACE Controller 0 epoch 5 received response LeaderAndIsrResponse(4,Map((evidence,0) -> 0),0) for a request sent to broker 0 : (EndPoint(localhost.localdomain,9092,PLAINTEXT)) (state.change.logger)
[2015-08-13 09:07:58,709] TRACE Broker 0 cached leader info (LeaderAndIsrInfo:(Leader:0,ISR:0,LeaderEpoch:2,ControllerEpoch:4),ReplicationFactor:1),AllReplicas:0) for partition [evidence,0] in response to UpdateMetadata request sent by controller 0 epoch 5 with correlation id 4 (state.change.logger)
[2015-08-13 09:07:58,709] TRACE Controller 0 epoch 5 received response UpdateMetadataResponse(4,0) for a request sent to broker 0 : (EndPoint(localhost.localdomain,9092,PLAINTEXT)) (state.change.logger)
[2015-08-13 09:07:58,710] TRACE Broker 0 received LeaderAndIsr request (LeaderAndIsrInfo:(Leader:0,ISR:0,LeaderEpoch:3,ControllerEpoch:5),ReplicationFactor:1),AllReplicas:0) correlation id 5 from controller 0 epoch 5 for partition [evidence,0] (state.change.logger)
[2015-08-13 09:07:58,711] TRACE Broker 0 handling LeaderAndIsr request correlationId 5 from controller 0 epoch 5 starting the become-leader transition for partition [evidence,0] (state.change.logger)
[2015-08-13 09:07:58,712] TRACE Broker 0 stopped fetchers as part of become-leader request from controller 0 epoch 5 with correlation id 5 for partition [evidence,0] (state.change.logger)
[2015-08-13 09:07:58,713] TRACE Broker 0 completed LeaderAndIsr request correlationId 5 from controller 0 epoch 5 for the become-leader transition for partition [evidence,0] (state.change.logger)
[2015-08-13 09:07:58,714] TRACE Controller 0 epoch 5 received response LeaderAndIsrResponse(5,Map((evidence,0) -> 0),0) for a request sent to broker 0 : (EndPoint(localhost.localdomain,9092,PLAINTEXT)) (state.change.logger)
[2015-08-13 09:07:58,715] TRACE Broker 0 cached leader info (LeaderAndIsrInfo:(Leader:0,ISR:0,LeaderEpoch:3,ControllerEpoch:5),ReplicationFactor:1),AllReplicas:0) for partition [evidence,0] in response to UpdateMetadata request sent by controller 0 epoch 5 with correlation id 5 (state.change.logger)
[2015-08-13 09:07:58,716] TRACE Controller 0 epoch 5 received response UpdateMetadataResponse(5,0) for a request sent to broker 0 : (EndPoint(localhost.localdomain,9092,PLAINTEXT)) (state.change.logger)
[2015-08-13 09:07:58,741] TRACE Controller 0 epoch 5 sending UpdateMetadata request (Leader:0,ISR:0,LeaderEpoch:3,ControllerEpoch:5) with correlationId 6 to broker 0 for partition [evidence,0] (state.change.logger)
[2015-08-13 09:07:58,742] TRACE Broker 0 cached leader info (LeaderAndIsrInfo:(Leader:0,ISR:0,LeaderEpoch:3,ControllerEpoch:5),ReplicationFactor:1),AllReplicas:0) for partition [evidence,0] in response to UpdateMetadata request sent by controller 0 epoch 5 with correlation id 6 (state.change.logger)
[2015-08-13 09:07:58,743] TRACE Controller 0 epoch 5 received response UpdateMetadataResponse(6,0) for a request sent to broker 0 : (EndPoint(localhost.localdomain,9092,PLAINTEXT)) (state.change.logger)
[2015-08-13 09:08:06,815] DEBUG preRegister called. Server=com.sun.jmx.mbeanserver.JmxMBeanServer@22b7ff0e, name=log4j:logger=state.change.logger (state.change.logger)
[2015-08-13 09:08:15,165] TRACE Controller 0 epoch 6 started leader election for partition [evidence,0] (state.change.logger)
[2015-08-13 09:08:15,191] ERROR Controller 0 epoch 6 initiated state change for partition [evidence,0] from OfflinePartition to OnlinePartition failed (state.change.logger)
kafka.common.NoReplicaOnlineException: No replica for partition [evidence,0] is alive. Live brokers are: [Set()], Assigned replicas are: [List(0)]
	at kafka.controller.OfflinePartitionLeaderSelector.selectLeader(PartitionLeaderSelector.scala:75)
	at kafka.controller.PartitionStateMachine.electLeaderForPartition(PartitionStateMachine.scala:344)
	at kafka.controller.PartitionStateMachine.kafka$controller$PartitionStateMachine$$handleStateChange(PartitionStateMachine.scala:204)
	at kafka.controller.PartitionStateMachine$$anonfun$triggerOnlinePartitionStateChange$3.apply(PartitionStateMachine.scala:119)
	at kafka.controller.PartitionStateMachine$$anonfun$triggerOnlinePartitionStateChange$3.apply(PartitionStateMachine.scala:116)
	at scala.collection.TraversableLike$WithFilter$$anonfun$foreach$1.apply(TraversableLike.scala:772)
	at scala.collection.mutable.HashMap$$anonfun$foreach$1.apply(HashMap.scala:98)
	at scala.collection.mutable.HashMap$$anonfun$foreach$1.apply(HashMap.scala:98)
	at scala.collection.mutable.HashTable$class.foreachEntry(HashTable.scala:226)
	at scala.collection.mutable.HashMap.foreachEntry(HashMap.scala:39)
	at scala.collection.mutable.HashMap.foreach(HashMap.scala:98)
	at scala.collection.TraversableLike$WithFilter.foreach(TraversableLike.scala:771)
	at kafka.controller.PartitionStateMachine.triggerOnlinePartitionStateChange(PartitionStateMachine.scala:116)
	at kafka.controller.PartitionStateMachine.startup(PartitionStateMachine.scala:69)
	at kafka.controller.KafkaController.onControllerFailover(KafkaController.scala:327)
	at kafka.controller.KafkaController$$anonfun$1.apply$mcV$sp(KafkaController.scala:159)
	at kafka.server.ZookeeperLeaderElector.elect(ZookeeperLeaderElector.scala:81)
	at kafka.server.ZookeeperLeaderElector$LeaderChangeListener$$anonfun$handleDataDeleted$1.apply$mcZ$sp(ZookeeperLeaderElector.scala:139)
	at kafka.server.ZookeeperLeaderElector$LeaderChangeListener$$anonfun$handleDataDeleted$1.apply(ZookeeperLeaderElector.scala:134)
	at kafka.server.ZookeeperLeaderElector$LeaderChangeListener$$anonfun$handleDataDeleted$1.apply(ZookeeperLeaderElector.scala:134)
	at kafka.utils.CoreUtils$.inLock(CoreUtils.scala:262)
	at kafka.server.ZookeeperLeaderElector$LeaderChangeListener.handleDataDeleted(ZookeeperLeaderElector.scala:134)
	at org.I0Itec.zkclient.ZkClient$7.run(ZkClient.java:753)
	at org.I0Itec.zkclient.ZkEventThread.run(ZkEventThread.java:71)
[2015-08-13 09:08:20,078] TRACE Controller 0 epoch 6 sending UpdateMetadata request (Leader:0,ISR:0,LeaderEpoch:3,ControllerEpoch:5) with correlationId 3 to broker 0 for partition [evidence,0] (state.change.logger)
[2015-08-13 09:08:20,091] TRACE Controller 0 epoch 6 changed state of replica 0 for partition [evidence,0] from ReplicaDeletionIneligible to OnlineReplica (state.change.logger)
[2015-08-13 09:08:20,095] TRACE Controller 0 epoch 6 sending become-leader LeaderAndIsr request (Leader:0,ISR:0,LeaderEpoch:3,ControllerEpoch:5) with correlationId 4 to broker 0 for partition [evidence,0] (state.change.logger)
[2015-08-13 09:08:20,095] TRACE Controller 0 epoch 6 sending UpdateMetadata request (Leader:0,ISR:0,LeaderEpoch:3,ControllerEpoch:5) with correlationId 4 to broker 0 for partition [evidence,0] (state.change.logger)
[2015-08-13 09:08:20,096] TRACE Controller 0 epoch 6 started leader election for partition [evidence,0] (state.change.logger)
[2015-08-13 09:08:20,113] TRACE Broker 0 cached leader info (LeaderAndIsrInfo:(Leader:0,ISR:0,LeaderEpoch:3,ControllerEpoch:5),ReplicationFactor:1),AllReplicas:0) for partition [evidence,0] in response to UpdateMetadata request sent by controller 0 epoch 6 with correlation id 3 (state.change.logger)
[2015-08-13 09:08:20,116] TRACE Controller 0 epoch 6 received response UpdateMetadataResponse(3,0) for a request sent to broker 0 : (EndPoint(localhost.localdomain,9092,PLAINTEXT)) (state.change.logger)
[2015-08-13 09:08:20,123] TRACE Broker 0 received LeaderAndIsr request (LeaderAndIsrInfo:(Leader:0,ISR:0,LeaderEpoch:3,ControllerEpoch:5),ReplicationFactor:1),AllReplicas:0) correlation id 4 from controller 0 epoch 6 for partition [evidence,0] (state.change.logger)
[2015-08-13 09:08:20,132] TRACE Broker 0 handling LeaderAndIsr request correlationId 4 from controller 0 epoch 6 starting the become-leader transition for partition [evidence,0] (state.change.logger)
[2015-08-13 09:08:20,133] TRACE Controller 0 epoch 6 elected leader 0 for Offline partition [evidence,0] (state.change.logger)
[2015-08-13 09:08:20,135] TRACE Controller 0 epoch 6 changed partition [evidence,0] from OfflinePartition to OnlinePartition with leader 0 (state.change.logger)
[2015-08-13 09:08:20,135] TRACE Controller 0 epoch 6 sending become-leader LeaderAndIsr request (Leader:0,ISR:0,LeaderEpoch:4,ControllerEpoch:6) with correlationId 5 to broker 0 for partition [evidence,0] (state.change.logger)
[2015-08-13 09:08:20,136] TRACE Controller 0 epoch 6 sending UpdateMetadata request (Leader:0,ISR:0,LeaderEpoch:4,ControllerEpoch:6) with correlationId 5 to broker 0 for partition [evidence,0] (state.change.logger)
[2015-08-13 09:08:20,136] TRACE Broker 0 stopped fetchers as part of become-leader request from controller 0 epoch 6 with correlation id 4 for partition [evidence,0] (state.change.logger)
[2015-08-13 09:08:20,146] TRACE Broker 0 completed LeaderAndIsr request correlationId 4 from controller 0 epoch 6 for the become-leader transition for partition [evidence,0] (state.change.logger)
[2015-08-13 09:08:20,153] TRACE Controller 0 epoch 6 received response LeaderAndIsrResponse(4,Map((evidence,0) -> 0),0) for a request sent to broker 0 : (EndPoint(localhost.localdomain,9092,PLAINTEXT)) (state.change.logger)
[2015-08-13 09:08:20,155] TRACE Broker 0 cached leader info (LeaderAndIsrInfo:(Leader:0,ISR:0,LeaderEpoch:3,ControllerEpoch:5),ReplicationFactor:1),AllReplicas:0) for partition [evidence,0] in response to UpdateMetadata request sent by controller 0 epoch 6 with correlation id 4 (state.change.logger)
[2015-08-13 09:08:20,155] TRACE Controller 0 epoch 6 received response UpdateMetadataResponse(4,0) for a request sent to broker 0 : (EndPoint(localhost.localdomain,9092,PLAINTEXT)) (state.change.logger)
[2015-08-13 09:08:20,157] TRACE Broker 0 received LeaderAndIsr request (LeaderAndIsrInfo:(Leader:0,ISR:0,LeaderEpoch:4,ControllerEpoch:6),ReplicationFactor:1),AllReplicas:0) correlation id 5 from controller 0 epoch 6 for partition [evidence,0] (state.change.logger)
[2015-08-13 09:08:20,157] TRACE Broker 0 handling LeaderAndIsr request correlationId 5 from controller 0 epoch 6 starting the become-leader transition for partition [evidence,0] (state.change.logger)
[2015-08-13 09:08:20,158] TRACE Broker 0 stopped fetchers as part of become-leader request from controller 0 epoch 6 with correlation id 5 for partition [evidence,0] (state.change.logger)
[2015-08-13 09:08:20,159] TRACE Broker 0 completed LeaderAndIsr request correlationId 5 from controller 0 epoch 6 for the become-leader transition for partition [evidence,0] (state.change.logger)
[2015-08-13 09:08:20,160] TRACE Controller 0 epoch 6 received response LeaderAndIsrResponse(5,Map((evidence,0) -> 0),0) for a request sent to broker 0 : (EndPoint(localhost.localdomain,9092,PLAINTEXT)) (state.change.logger)
[2015-08-13 09:08:20,162] TRACE Broker 0 cached leader info (LeaderAndIsrInfo:(Leader:0,ISR:0,LeaderEpoch:4,ControllerEpoch:6),ReplicationFactor:1),AllReplicas:0) for partition [evidence,0] in response to UpdateMetadata request sent by controller 0 epoch 6 with correlation id 5 (state.change.logger)
[2015-08-13 09:08:20,163] TRACE Controller 0 epoch 6 received response UpdateMetadataResponse(5,0) for a request sent to broker 0 : (EndPoint(localhost.localdomain,9092,PLAINTEXT)) (state.change.logger)
[2015-08-13 09:08:20,191] TRACE Controller 0 epoch 6 sending UpdateMetadata request (Leader:0,ISR:0,LeaderEpoch:4,ControllerEpoch:6) with correlationId 6 to broker 0 for partition [evidence,0] (state.change.logger)
[2015-08-13 09:08:20,192] TRACE Broker 0 cached leader info (LeaderAndIsrInfo:(Leader:0,ISR:0,LeaderEpoch:4,ControllerEpoch:6),ReplicationFactor:1),AllReplicas:0) for partition [evidence,0] in response to UpdateMetadata request sent by controller 0 epoch 6 with correlation id 6 (state.change.logger)
[2015-08-13 09:08:20,193] TRACE Controller 0 epoch 6 received response UpdateMetadataResponse(6,0) for a request sent to broker 0 : (EndPoint(localhost.localdomain,9092,PLAINTEXT)) (state.change.logger)
[2015-08-13 09:10:37,614] DEBUG preRegister called. Server=com.sun.jmx.mbeanserver.JmxMBeanServer@22b7ff0e, name=log4j:logger=state.change.logger (state.change.logger)
[2015-08-13 09:10:38,928] TRACE Controller 0 epoch 7 started leader election for partition [evidence,0] (state.change.logger)
[2015-08-13 09:10:38,976] ERROR Controller 0 epoch 7 initiated state change for partition [evidence,0] from OfflinePartition to OnlinePartition failed (state.change.logger)
kafka.common.NoReplicaOnlineException: No replica for partition [evidence,0] is alive. Live brokers are: [Set()], Assigned replicas are: [List(0)]
	at kafka.controller.OfflinePartitionLeaderSelector.selectLeader(PartitionLeaderSelector.scala:75)
	at kafka.controller.PartitionStateMachine.electLeaderForPartition(PartitionStateMachine.scala:344)
	at kafka.controller.PartitionStateMachine.kafka$controller$PartitionStateMachine$$handleStateChange(PartitionStateMachine.scala:204)
	at kafka.controller.PartitionStateMachine$$anonfun$triggerOnlinePartitionStateChange$3.apply(PartitionStateMachine.scala:119)
	at kafka.controller.PartitionStateMachine$$anonfun$triggerOnlinePartitionStateChange$3.apply(PartitionStateMachine.scala:116)
	at scala.collection.TraversableLike$WithFilter$$anonfun$foreach$1.apply(TraversableLike.scala:772)
	at scala.collection.mutable.HashMap$$anonfun$foreach$1.apply(HashMap.scala:98)
	at scala.collection.mutable.HashMap$$anonfun$foreach$1.apply(HashMap.scala:98)
	at scala.collection.mutable.HashTable$class.foreachEntry(HashTable.scala:226)
	at scala.collection.mutable.HashMap.foreachEntry(HashMap.scala:39)
	at scala.collection.mutable.HashMap.foreach(HashMap.scala:98)
	at scala.collection.TraversableLike$WithFilter.foreach(TraversableLike.scala:771)
	at kafka.controller.PartitionStateMachine.triggerOnlinePartitionStateChange(PartitionStateMachine.scala:116)
	at kafka.controller.PartitionStateMachine.startup(PartitionStateMachine.scala:69)
	at kafka.controller.KafkaController.onControllerFailover(KafkaController.scala:327)
	at kafka.controller.KafkaController$$anonfun$1.apply$mcV$sp(KafkaController.scala:159)
	at kafka.server.ZookeeperLeaderElector.elect(ZookeeperLeaderElector.scala:81)
	at kafka.server.ZookeeperLeaderElector$LeaderChangeListener$$anonfun$handleDataDeleted$1.apply$mcZ$sp(ZookeeperLeaderElector.scala:139)
	at kafka.server.ZookeeperLeaderElector$LeaderChangeListener$$anonfun$handleDataDeleted$1.apply(ZookeeperLeaderElector.scala:134)
	at kafka.server.ZookeeperLeaderElector$LeaderChangeListener$$anonfun$handleDataDeleted$1.apply(ZookeeperLeaderElector.scala:134)
	at kafka.utils.CoreUtils$.inLock(CoreUtils.scala:262)
	at kafka.server.ZookeeperLeaderElector$LeaderChangeListener.handleDataDeleted(ZookeeperLeaderElector.scala:134)
	at org.I0Itec.zkclient.ZkClient$7.run(ZkClient.java:753)
	at org.I0Itec.zkclient.ZkEventThread.run(ZkEventThread.java:71)
[2015-08-13 09:10:39,162] TRACE Controller 0 epoch 7 sending UpdateMetadata request (Leader:0,ISR:0,LeaderEpoch:4,ControllerEpoch:6) with correlationId 3 to broker 0 for partition [evidence,0] (state.change.logger)
[2015-08-13 09:10:39,176] TRACE Controller 0 epoch 7 changed state of replica 0 for partition [evidence,0] from ReplicaDeletionIneligible to OnlineReplica (state.change.logger)
[2015-08-13 09:10:39,181] TRACE Controller 0 epoch 7 sending become-leader LeaderAndIsr request (Leader:0,ISR:0,LeaderEpoch:4,ControllerEpoch:6) with correlationId 4 to broker 0 for partition [evidence,0] (state.change.logger)
[2015-08-13 09:10:39,182] TRACE Controller 0 epoch 7 sending UpdateMetadata request (Leader:0,ISR:0,LeaderEpoch:4,ControllerEpoch:6) with correlationId 4 to broker 0 for partition [evidence,0] (state.change.logger)
[2015-08-13 09:10:39,182] TRACE Controller 0 epoch 7 started leader election for partition [evidence,0] (state.change.logger)
[2015-08-13 09:10:39,194] TRACE Broker 0 cached leader info (LeaderAndIsrInfo:(Leader:0,ISR:0,LeaderEpoch:4,ControllerEpoch:6),ReplicationFactor:1),AllReplicas:0) for partition [evidence,0] in response to UpdateMetadata request sent by controller 0 epoch 7 with correlation id 3 (state.change.logger)
[2015-08-13 09:10:39,196] TRACE Controller 0 epoch 7 received response UpdateMetadataResponse(3,0) for a request sent to broker 0 : (EndPoint(localhost.localdomain,9092,PLAINTEXT)) (state.change.logger)
[2015-08-13 09:10:39,202] TRACE Broker 0 received LeaderAndIsr request (LeaderAndIsrInfo:(Leader:0,ISR:0,LeaderEpoch:4,ControllerEpoch:6),ReplicationFactor:1),AllReplicas:0) correlation id 4 from controller 0 epoch 7 for partition [evidence,0] (state.change.logger)
[2015-08-13 09:10:39,208] TRACE Broker 0 handling LeaderAndIsr request correlationId 4 from controller 0 epoch 7 starting the become-leader transition for partition [evidence,0] (state.change.logger)
[2015-08-13 09:10:39,212] TRACE Broker 0 stopped fetchers as part of become-leader request from controller 0 epoch 7 with correlation id 4 for partition [evidence,0] (state.change.logger)
[2015-08-13 09:10:39,226] TRACE Controller 0 epoch 7 elected leader 0 for Offline partition [evidence,0] (state.change.logger)
[2015-08-13 09:10:39,229] TRACE Controller 0 epoch 7 changed partition [evidence,0] from OfflinePartition to OnlinePartition with leader 0 (state.change.logger)
[2015-08-13 09:10:39,230] TRACE Controller 0 epoch 7 sending become-leader LeaderAndIsr request (Leader:0,ISR:0,LeaderEpoch:5,ControllerEpoch:7) with correlationId 5 to broker 0 for partition [evidence,0] (state.change.logger)
[2015-08-13 09:10:39,230] TRACE Controller 0 epoch 7 sending UpdateMetadata request (Leader:0,ISR:0,LeaderEpoch:5,ControllerEpoch:7) with correlationId 5 to broker 0 for partition [evidence,0] (state.change.logger)
[2015-08-13 09:10:39,233] TRACE Broker 0 completed LeaderAndIsr request correlationId 4 from controller 0 epoch 7 for the become-leader transition for partition [evidence,0] (state.change.logger)
[2015-08-13 09:10:39,239] TRACE Controller 0 epoch 7 received response LeaderAndIsrResponse(4,Map((evidence,0) -> 0),0) for a request sent to broker 0 : (EndPoint(localhost.localdomain,9092,PLAINTEXT)) (state.change.logger)
[2015-08-13 09:10:39,241] TRACE Broker 0 cached leader info (LeaderAndIsrInfo:(Leader:0,ISR:0,LeaderEpoch:4,ControllerEpoch:6),ReplicationFactor:1),AllReplicas:0) for partition [evidence,0] in response to UpdateMetadata request sent by controller 0 epoch 7 with correlation id 4 (state.change.logger)
[2015-08-13 09:10:39,242] TRACE Controller 0 epoch 7 received response UpdateMetadataResponse(4,0) for a request sent to broker 0 : (EndPoint(localhost.localdomain,9092,PLAINTEXT)) (state.change.logger)
[2015-08-13 09:10:39,243] TRACE Broker 0 received LeaderAndIsr request (LeaderAndIsrInfo:(Leader:0,ISR:0,LeaderEpoch:5,ControllerEpoch:7),ReplicationFactor:1),AllReplicas:0) correlation id 5 from controller 0 epoch 7 for partition [evidence,0] (state.change.logger)
[2015-08-13 09:10:39,243] TRACE Broker 0 handling LeaderAndIsr request correlationId 5 from controller 0 epoch 7 starting the become-leader transition for partition [evidence,0] (state.change.logger)
[2015-08-13 09:10:39,244] TRACE Broker 0 stopped fetchers as part of become-leader request from controller 0 epoch 7 with correlation id 5 for partition [evidence,0] (state.change.logger)
[2015-08-13 09:10:39,245] TRACE Broker 0 completed LeaderAndIsr request correlationId 5 from controller 0 epoch 7 for the become-leader transition for partition [evidence,0] (state.change.logger)
[2015-08-13 09:10:39,245] TRACE Controller 0 epoch 7 received response LeaderAndIsrResponse(5,Map((evidence,0) -> 0),0) for a request sent to broker 0 : (EndPoint(localhost.localdomain,9092,PLAINTEXT)) (state.change.logger)
[2015-08-13 09:10:39,247] TRACE Broker 0 cached leader info (LeaderAndIsrInfo:(Leader:0,ISR:0,LeaderEpoch:5,ControllerEpoch:7),ReplicationFactor:1),AllReplicas:0) for partition [evidence,0] in response to UpdateMetadata request sent by controller 0 epoch 7 with correlation id 5 (state.change.logger)
[2015-08-13 09:10:39,247] TRACE Controller 0 epoch 7 received response UpdateMetadataResponse(5,0) for a request sent to broker 0 : (EndPoint(localhost.localdomain,9092,PLAINTEXT)) (state.change.logger)
[2015-08-13 09:10:39,298] TRACE Controller 0 epoch 7 sending UpdateMetadata request (Leader:0,ISR:0,LeaderEpoch:5,ControllerEpoch:7) with correlationId 6 to broker 0 for partition [evidence,0] (state.change.logger)
[2015-08-13 09:10:39,299] TRACE Broker 0 cached leader info (LeaderAndIsrInfo:(Leader:0,ISR:0,LeaderEpoch:5,ControllerEpoch:7),ReplicationFactor:1),AllReplicas:0) for partition [evidence,0] in response to UpdateMetadata request sent by controller 0 epoch 7 with correlation id 6 (state.change.logger)
[2015-08-13 09:10:39,300] TRACE Controller 0 epoch 7 received response UpdateMetadataResponse(6,0) for a request sent to broker 0 : (EndPoint(localhost.localdomain,9092,PLAINTEXT)) (state.change.logger)
